WARNING 2025-12-16 15:14:05,306 log 35048 51624 Forbidden: /api/v1/core/usuarios/minhas-notificacoes/
WARNING 2025-12-16 15:14:05,307 log 35048 63124 Forbidden: /api/v1/imoveis/
WARNING 2025-12-16 15:14:10,381 log 35048 63124 Unauthorized: /api/v1/token/
WARNING 2025-12-16 15:14:11,166 log 35048 26992 Forbidden: /favicon.ico
WARNING 2025-12-16 15:14:15,811 log 35048 26992 Forbidden: /favicon.ico
WARNING 2025-12-16 15:14:21,069 log 35048 63124 Unauthorized: /api/v1/token/
WARNING 2025-12-16 15:15:04,965 log 19260 55252 Forbidden: /api/v1/core/usuarios/minhas-notificacoes/
WARNING 2025-12-16 15:15:06,013 log 19260 19356 Unauthorized: /api/v1/token/
WARNING 2025-12-16 15:16:05,200 log 19260 19356 Forbidden: /api/v1/core/usuarios/minhas-notificacoes/
WARNING 2025-12-16 15:17:25,533 log 26692 50600 Not Found: /favicon.ico
ERROR 2025-12-16 15:17:28,517 log 26692 50600 Internal Server Error: /admin/core/imobiliaria/3/change/
Traceback (most recent call last):
  File "C:\wamp64\www\imobcloud\venv\Lib\site-packages\django\contrib\admin\options.py", line 840, in get_form
    return modelform_factory(self.model, **defaults)
           ^^^^^^^^^^^^^^^^^^^^^^^^^^^^^^^^^^^^^^^^^
  File "C:\wamp64\www\imobcloud\venv\Lib\site-packages\django\forms\models.py", line 654, in modelform_factory
    return type(form)(class_name, (form,), form_class_attrs)
           ^^^^^^^^^^^^^^^^^^^^^^^^^^^^^^^^^^^^^^^^^^^^^^^^^
  File "C:\wamp64\www\imobcloud\venv\Lib\site-packages\django\forms\models.py", line 334, in __new__
    raise FieldError(message)
django.core.exceptions.FieldError: Unknown field(s) (facebook_user_access_token, telefone) specified for Imobiliaria

During handling of the above exception, another exception occurred:

Traceback (most recent call last):
  File "C:\wamp64\www\imobcloud\venv\Lib\site-packages\django\core\handlers\exception.py", line 55, in inner
    response = get_response(request)
               ^^^^^^^^^^^^^^^^^^^^^
  File "C:\wamp64\www\imobcloud\venv\Lib\site-packages\django\core\handlers\base.py", line 197, in _get_response
    response = wrapped_callback(request, *callback_args, **callback_kwargs)
               ^^^^^^^^^^^^^^^^^^^^^^^^^^^^^^^^^^^^^^^^^^^^^^^^^^^^^^^^^^^^
  File "C:\wamp64\www\imobcloud\venv\Lib\site-packages\django\contrib\admin\options.py", line 719, in wrapper
    return self.admin_site.admin_view(view)(*args, **kwargs)
           ^^^^^^^^^^^^^^^^^^^^^^^^^^^^^^^^^^^^^^^^^^^^^^^^^
  File "C:\wamp64\www\imobcloud\venv\Lib\site-packages\django\utils\decorators.py", line 192, in _view_wrapper
    result = _process_exception(request, e)
             ^^^^^^^^^^^^^^^^^^^^^^^^^^^^^^
  File "C:\wamp64\www\imobcloud\venv\Lib\site-packages\django\utils\decorators.py", line 190, in _view_wrapper
    response = view_func(request, *args, **kwargs)
               ^^^^^^^^^^^^^^^^^^^^^^^^^^^^^^^^^^^
  File "C:\wamp64\www\imobcloud\venv\Lib\site-packages\django\views\decorators\cache.py", line 80, in _view_wrapper
    response = view_func(request, *args, **kwargs)
               ^^^^^^^^^^^^^^^^^^^^^^^^^^^^^^^^^^^
  File "C:\wamp64\www\imobcloud\venv\Lib\site-packages\django\contrib\admin\sites.py", line 246, in inner
    return view(request, *args, **kwargs)
           ^^^^^^^^^^^^^^^^^^^^^^^^^^^^^^
  File "C:\wamp64\www\imobcloud\venv\Lib\site-packages\django\contrib\admin\options.py", line 1987, in change_view
    return self.changeform_view(request, object_id, form_url, extra_context)
           ^^^^^^^^^^^^^^^^^^^^^^^^^^^^^^^^^^^^^^^^^^^^^^^^^^^^^^^^^^^^^^^^^
  File "C:\wamp64\www\imobcloud\venv\Lib\site-packages\django\utils\decorators.py", line 48, in _wrapper
    return bound_method(*args, **kwargs)
           ^^^^^^^^^^^^^^^^^^^^^^^^^^^^^
  File "C:\wamp64\www\imobcloud\venv\Lib\site-packages\django\utils\decorators.py", line 192, in _view_wrapper
    result = _process_exception(request, e)
             ^^^^^^^^^^^^^^^^^^^^^^^^^^^^^^
  File "C:\wamp64\www\imobcloud\venv\Lib\site-packages\django\utils\decorators.py", line 190, in _view_wrapper
    response = view_func(request, *args, **kwargs)
               ^^^^^^^^^^^^^^^^^^^^^^^^^^^^^^^^^^^
  File "C:\wamp64\www\imobcloud\venv\Lib\site-packages\django\contrib\admin\options.py", line 1840, in changeform_view
    return self._changeform_view(request, object_id, form_url, extra_context)
           ^^^^^^^^^^^^^^^^^^^^^^^^^^^^^^^^^^^^^^^^^^^^^^^^^^^^^^^^^^^^^^^^^^
  File "C:\wamp64\www\imobcloud\venv\Lib\site-packages\django\contrib\admin\options.py", line 1878, in _changeform_view
    ModelForm = self.get_form(
                ^^^^^^^^^^^^^^
  File "C:\wamp64\www\imobcloud\venv\Lib\site-packages\django\contrib\admin\options.py", line 842, in get_form
    raise FieldError(
django.core.exceptions.FieldError: Unknown field(s) (facebook_user_access_token, telefone) specified for Imobiliaria. Check fields/fieldsets/exclude attributes of class ImobiliariaAdmin.
WARNING 2025-12-16 15:18:05,512 log 26692 40460 Forbidden: /api/v1/core/usuarios/minhas-notificacoes/
WARNING 2025-12-16 15:19:05,214 log 26692 40460 Forbidden: /api/v1/core/usuarios/minhas-notificacoes/
WARNING 2025-12-16 15:20:48,628 log 48788 28972 Unauthorized: /api/v1/token/
WARNING 2025-12-16 15:22:42,612 log 48788 28972 Unauthorized: /api/v1/token/
WARNING 2025-12-16 15:22:57,350 log 48788 28972 Unauthorized: /api/v1/token/
WARNING 2025-12-16 15:23:38,555 log 48788 28972 Forbidden: /api/v1/core/usuarios/minhas-notificacoes/
WARNING 2025-12-16 15:23:38,732 log 48788 28972 Forbidden: /api/v1/stats/
WARNING 2025-12-16 15:23:38,870 log 48788 14908 Forbidden: /api/v1/financeiro/transacoes/stats/
WARNING 2025-12-16 15:23:38,905 log 48788 30452 Forbidden: /api/v1/alugueis/dashboard-stats/
WARNING 2025-12-16 15:23:47,076 log 48788 30452 Forbidden: /api/v1/core/usuarios/minhas-notificacoes/
WARNING 2025-12-16 15:23:47,228 log 48788 28972 Forbidden: /api/v1/financeiro/transacoes/stats/
WARNING 2025-12-16 15:23:47,299 log 48788 14908 Forbidden: /api/v1/stats/
WARNING 2025-12-16 15:23:47,327 log 48788 1308 Forbidden: /api/v1/alugueis/dashboard-stats/
WARNING 2025-12-16 15:24:39,916 log 20416 23760 Forbidden: /api/v1/core/usuarios/minhas-notificacoes/
WARNING 2025-12-16 15:24:44,062 log 20416 23760 Unauthorized: /api/v1/token/
WARNING 2025-12-16 15:24:46,762 log 20416 23760 Forbidden: /api/v1/core/usuarios/minhas-notificacoes/
WARNING 2025-12-16 15:24:49,933 log 20416 23760 Unauthorized: /api/v1/token/
WARNING 2025-12-16 15:25:03,316 log 20416 23760 Forbidden: /api/v1/core/usuarios/minhas-notificacoes/
WARNING 2025-12-16 15:25:03,319 log 20416 44448 Forbidden: /api/v1/stats/
WARNING 2025-12-16 15:25:03,516 log 20416 23760 Forbidden: /api/v1/financeiro/transacoes/stats/
WARNING 2025-12-16 15:25:03,544 log 20416 44448 Forbidden: /api/v1/alugueis/dashboard-stats/
WARNING 2025-12-16 15:25:39,198 log 20416 44448 Forbidden: /api/v1/core/usuarios/minhas-notificacoes/
WARNING 2025-12-16 15:25:47,204 log 20416 44448 Forbidden: /api/v1/core/usuarios/minhas-notificacoes/
WARNING 2025-12-16 15:26:03,030 log 20416 44448 Forbidden: /api/v1/core/usuarios/minhas-notificacoes/
WARNING 2025-12-16 15:26:06,871 log 20416 44448 Forbidden: /api/v1/core/usuarios/minhas-notificacoes/
WARNING 2025-12-16 15:26:07,064 log 20416 23760 Forbidden: /api/v1/stats/
WARNING 2025-12-16 15:26:07,217 log 20416 44448 Forbidden: /api/v1/financeiro/transacoes/stats/
WARNING 2025-12-16 15:26:07,256 log 20416 52812 Forbidden: /api/v1/alugueis/dashboard-stats/
WARNING 2025-12-16 15:26:39,222 log 20416 52812 Forbidden: /api/v1/core/usuarios/minhas-notificacoes/
WARNING 2025-12-16 15:26:47,211 log 20416 52812 Forbidden: /api/v1/core/usuarios/minhas-notificacoes/
WARNING 2025-12-16 15:27:03,216 log 20416 52812 Forbidden: /api/v1/core/usuarios/minhas-notificacoes/
WARNING 2025-12-16 15:27:07,205 log 20416 52812 Forbidden: /api/v1/core/usuarios/minhas-notificacoes/
WARNING 2025-12-16 16:50:15,071 log 52836 15416 Forbidden: /api/v1/core/usuarios/minhas-notificacoes/
WARNING 2025-12-16 16:50:15,951 log 52836 54120 Forbidden: /api/v1/financeiro/transacoes/stats/
WARNING 2025-12-16 16:50:15,999 log 52836 44936 Forbidden: /api/v1/stats/
WARNING 2025-12-16 16:50:16,437 log 52836 34004 Forbidden: /api/v1/alugueis/dashboard-stats/
WARNING 2025-12-16 16:51:15,501 log 37808 13176 Not Found: /api/contratos/contratos/
WARNING 2025-12-16 16:51:15,684 log 37808 13176 Not Found: /api/vistorias/vistorias/
WARNING 2025-12-16 16:54:21,652 log 37808 60468 Not Found: /favicon.ico
WARNING 2025-12-16 16:55:03,952 log 37808 5080 Not Found: /api/contratos/contratos/
WARNING 2025-12-16 16:55:05,074 log 37808 5080 Not Found: /api/vistorias/vistorias/
WARNING 2025-12-16 16:55:14,634 log 37808 26348 Not Found: /api/contratos/contratos/
WARNING 2025-12-16 16:55:14,885 log 37808 26348 Not Found: /api/vistorias/vistorias/
WARNING 2025-12-16 16:55:26,444 log 37808 26348 Not Found: /api/contratos/contratos/
WARNING 2025-12-16 16:55:26,663 log 37808 26348 Not Found: /api/vistorias/vistorias/
WARNING 2025-12-16 17:06:43,975 log 37808 43996 Not Found: /api/contratos/contratos/
WARNING 2025-12-16 17:06:44,236 log 37808 43996 Not Found: /api/vistorias/vistorias/
WARNING 2025-12-16 17:06:48,751 log 37808 2940 Not Found: /api/contratos/contratos/
WARNING 2025-12-16 17:06:48,894 log 37808 22696 Not Found: /api/vistorias/vistorias/
WARNING 2025-12-16 17:16:56,951 log 37808 1472 Not Found: /api/contratos/contratos/
WARNING 2025-12-16 17:16:58,547 log 37808 1472 Not Found: /api/vistorias/vistorias/
WARNING 2025-12-16 17:17:05,379 log 37808 1472 Not Found: /api/contratos/contratos/
WARNING 2025-12-16 17:17:05,428 log 37808 34924 Not Found: /api/vistorias/vistorias/
WARNING 2025-12-16 17:17:46,972 log 37808 1472 Not Found: /api/vistorias/vistorias/
WARNING 2025-12-16 17:17:46,985 log 37808 34924 Not Found: /api/contratos/contratos/
WARNING 2025-12-16 17:20:09,053 log 37808 34924 Not Found: /api/contratos/contratos/
WARNING 2025-12-16 17:20:09,093 log 37808 1472 Not Found: /api/vistorias/vistorias/
WARNING 2025-12-16 17:20:54,772 log 37808 34924 Not Found: /api/contratos/contratos/
WARNING 2025-12-16 17:20:54,784 log 37808 1472 Not Found: /api/vistorias/vistorias/
WARNING 2025-12-16 17:23:02,083 log 37808 34924 Not Found: /api/vistorias/vistorias/
WARNING 2025-12-16 17:23:02,109 log 37808 1472 Not Found: /api/contratos/contratos/
WARNING 2025-12-16 17:51:21,243 log 37808 13036 Forbidden: /api/v1/core/usuarios/minhas-notificacoes/
WARNING 2025-12-16 17:51:21,319 log 37808 13036 Forbidden: /api/v1/stats/
WARNING 2025-12-16 17:51:21,325 log 37808 13036 Forbidden: /api/v1/financeiro/transacoes/stats/
WARNING 2025-12-16 17:51:21,330 log 37808 13036 Forbidden: /api/v1/alugueis/dashboard-stats/
WARNING 2025-12-16 17:52:21,818 log 37808 13036 Forbidden: /api/v1/core/usuarios/minhas-notificacoes/
WARNING 2025-12-16 17:53:21,319 log 37808 13036 Forbidden: /api/v1/core/usuarios/minhas-notificacoes/
WARNING 2025-12-16 17:54:21,272 log 37808 13036 Forbidden: /api/v1/core/usuarios/minhas-notificacoes/
WARNING 2025-12-16 17:55:21,256 log 37808 13036 Forbidden: /api/v1/core/usuarios/minhas-notificacoes/
WARNING 2025-12-16 17:56:21,258 log 37808 13036 Forbidden: /api/v1/core/usuarios/minhas-notificacoes/
WARNING 2025-12-16 17:57:21,308 log 37808 13036 Forbidden: /api/v1/core/usuarios/minhas-notificacoes/
WARNING 2025-12-16 17:58:21,244 log 37808 13036 Forbidden: /api/v1/core/usuarios/minhas-notificacoes/
WARNING 2025-12-16 17:59:21,250 log 37808 13036 Forbidden: /api/v1/core/usuarios/minhas-notificacoes/
WARNING 2025-12-16 18:00:21,893 log 37808 22308 Forbidden: /api/v1/core/usuarios/minhas-notificacoes/
WARNING 2025-12-16 18:01:21,497 log 37808 22308 Forbidden: /api/v1/core/usuarios/minhas-notificacoes/
WARNING 2025-12-16 18:02:21,241 log 37808 22308 Forbidden: /api/v1/core/usuarios/minhas-notificacoes/
WARNING 2025-12-16 18:03:21,223 log 37808 22308 Forbidden: /api/v1/core/usuarios/minhas-notificacoes/
WARNING 2025-12-16 18:04:21,244 log 37808 22308 Forbidden: /api/v1/core/usuarios/minhas-notificacoes/
WARNING 2025-12-16 18:05:05,463 log 37808 52376 Not Found: /api/contratos/contratos/
WARNING 2025-12-16 18:05:05,514 log 37808 59844 Not Found: /api/vistorias/vistorias/
WARNING 2025-12-16 18:32:49,417 log 37808 19172 Not Found: /api/vistorias/vistorias/
WARNING 2025-12-16 18:32:49,516 log 37808 20296 Not Found: /api/vistorias/vistorias/
WARNING 2025-12-16 18:32:49,551 log 37808 54372 Not Found: /api/contratos/contratos/
WARNING 2025-12-16 18:34:57,886 log 37808 13160 Not Found: /api/v1/contratos/contratos/
WARNING 2025-12-16 18:34:57,974 log 37808 54372 Not Found: /api/v1/vistorias/vistorias/
WARNING 2025-12-16 18:35:24,093 log 53788 62076 Not Found: /api/v1/contratos/contratos/
WARNING 2025-12-16 18:35:24,307 log 53788 14364 Not Found: /api/v1/vistorias/vistorias/
WARNING 2025-12-16 18:36:00,528 log 53788 62076 Not Found: /api/v1/contratos/contratos/
WARNING 2025-12-16 18:36:00,570 log 53788 61860 Not Found: /api/v1/vistorias/vistorias/
WARNING 2025-12-16 18:43:13,127 log 22692 55508 Not Found: /api/v1/contratos/contratos/
WARNING 2025-12-16 18:47:54,400 log 22620 63368 Not Found: /api/v1/contratos/contratos/
WARNING 2025-12-16 18:48:51,888 log 22620 22468 Not Found: /api/v1/contratos/contratos/
WARNING 2025-12-16 18:49:15,087 log 41128 31388 Not Found: /api/v1/contratos/contratos/
WARNING 2025-12-16 18:52:45,307 log 57760 18956 Not Found: /api/v1/contratos/dashboard-stats/
WARNING 2025-12-16 18:53:33,834 log 57760 40704 Not Found: /favicon.ico
WARNING 2025-12-16 18:55:06,642 log 57760 49696 Not Found: /api/v1/contratos/dashboard-stats/
WARNING 2025-12-16 18:58:15,439 log 15312 51712 Not Found: /api/v1/contratos/dashboard-stats/
WARNING 2025-12-16 18:58:18,772 log 15312 51712 Not Found: /api/v1/contratos/dashboard-stats/
WARNING 2025-12-16 18:58:23,435 log 15312 57208 Not Found: /api/v1/contratos/dashboard-stats/
WARNING 2025-12-16 18:58:42,818 log 46392 38640 Not Found: /api/v1/contratos/dashboard-stats/
WARNING 2025-12-16 18:59:02,816 log 46392 24376 Not Found: /api/v1/contratos/dashboard-stats/
WARNING 2025-12-16 19:12:56,375 log 53696 30744 Not Found: /api/v1/contratos/contratos/
ERROR 2025-12-16 19:15:24,047 log 53696 9720 Internal Server Error: /api/v1/contratos/
Traceback (most recent call last):
  File "C:\wamp64\www\imobcloud\venv\Lib\site-packages\django\core\handlers\exception.py", line 55, in inner
    response = get_response(request)
               ^^^^^^^^^^^^^^^^^^^^^
  File "C:\wamp64\www\imobcloud\venv\Lib\site-packages\django\core\handlers\base.py", line 197, in _get_response
    response = wrapped_callback(request, *callback_args, **callback_kwargs)
               ^^^^^^^^^^^^^^^^^^^^^^^^^^^^^^^^^^^^^^^^^^^^^^^^^^^^^^^^^^^^
  File "C:\wamp64\www\imobcloud\venv\Lib\site-packages\django\views\decorators\csrf.py", line 65, in _view_wrapper
    return view_func(request, *args, **kwargs)
           ^^^^^^^^^^^^^^^^^^^^^^^^^^^^^^^^^^^
  File "C:\wamp64\www\imobcloud\venv\Lib\site-packages\rest_framework\viewsets.py", line 124, in view
    return self.dispatch(request, *args, **kwargs)
           ^^^^^^^^^^^^^^^^^^^^^^^^^^^^^^^^^^^^^^^
  File "C:\wamp64\www\imobcloud\venv\Lib\site-packages\rest_framework\views.py", line 509, in dispatch
    response = self.handle_exception(exc)
               ^^^^^^^^^^^^^^^^^^^^^^^^^^
  File "C:\wamp64\www\imobcloud\venv\Lib\site-packages\rest_framework\views.py", line 469, in handle_exception
    self.raise_uncaught_exception(exc)
  File "C:\wamp64\www\imobcloud\venv\Lib\site-packages\rest_framework\views.py", line 480, in raise_uncaught_exception
    raise exc
  File "C:\wamp64\www\imobcloud\venv\Lib\site-packages\rest_framework\views.py", line 506, in dispatch
    response = handler(request, *args, **kwargs)
               ^^^^^^^^^^^^^^^^^^^^^^^^^^^^^^^^^
  File "C:\wamp64\www\imobcloud\venv\Lib\site-packages\rest_framework\mixins.py", line 20, in create
    serializer.is_valid(raise_exception=True)
  File "C:\wamp64\www\imobcloud\venv\Lib\site-packages\rest_framework\serializers.py", line 223, in is_valid
    self._validated_data = self.run_validation(self.initial_data)
                           ^^^^^^^^^^^^^^^^^^^^^^^^^^^^^^^^^^^^^^
  File "C:\wamp64\www\imobcloud\venv\Lib\site-packages\rest_framework\serializers.py", line 442, in run_validation
    value = self.to_internal_value(data)
            ^^^^^^^^^^^^^^^^^^^^^^^^^^^^
  File "C:\wamp64\www\imobcloud\venv\Lib\site-packages\rest_framework\serializers.py", line 501, in to_internal_value
    validated_value = validate_method(validated_value)
                      ^^^^^^^^^^^^^^^^^^^^^^^^^^^^^^^^
  File "C:\wamp64\www\imobcloud\app_contratos\serializers.py", line 181, in validate_modelo_utilizado
    imobiliaria_usuario = self.context['request'].user.perfil.imobiliaria
                          ^^^^^^^^^^^^^^^^^^^^^^^^^^^^^^^^^^^
AttributeError: 'PerfilUsuario' object has no attribute 'perfil'
WARNING 2025-12-16 19:20:36,848 log 25616 20572 Not Found: /api/vistorias/vistorias/1/
WARNING 2025-12-16 19:34:53,267 log 25616 23888 Not Found: /api/vistorias/vistorias/2/
WARNING 2025-12-16 19:44:37,580 log 53844 21256 Not Found: /api/vistorias/vistorias/2/
WARNING 2025-12-16 19:49:22,375 log 53844 40792 Not Found: /api/vistorias/vistorias/4/
WARNING 2025-12-16 19:49:41,952 log 53844 40792 Not Found: /api/vistorias/vistorias/4/
WARNING 2025-12-16 19:59:21,225 log 53844 40792 Forbidden: /api/v1/core/usuarios/minhas-notificacoes/
WARNING 2025-12-16 19:59:21,298 log 53844 40792 Forbidden: /api/v1/stats/
WARNING 2025-12-16 19:59:21,298 log 53844 40792 Forbidden: /api/v1/financeiro/transacoes/stats/
WARNING 2025-12-16 19:59:21,312 log 53844 40792 Forbidden: /api/v1/alugueis/dashboard-stats/
WARNING 2025-12-16 20:00:21,622 log 53844 62028 Forbidden: /api/v1/core/usuarios/minhas-notificacoes/
WARNING 2025-12-16 20:01:21,224 log 53844 62028 Forbidden: /api/v1/core/usuarios/minhas-notificacoes/
WARNING 2025-12-16 20:02:21,243 log 53844 62028 Forbidden: /api/v1/core/usuarios/minhas-notificacoes/
WARNING 2025-12-16 20:03:21,232 log 53844 62028 Forbidden: /api/v1/core/usuarios/minhas-notificacoes/
WARNING 2025-12-16 20:04:21,230 log 53844 62028 Forbidden: /api/v1/core/usuarios/minhas-notificacoes/
WARNING 2025-12-16 20:05:21,247 log 53844 62028 Forbidden: /api/v1/core/usuarios/minhas-notificacoes/
WARNING 2025-12-16 20:06:21,225 log 53844 62028 Forbidden: /api/v1/core/usuarios/minhas-notificacoes/
WARNING 2025-12-16 20:07:21,224 log 53844 62028 Forbidden: /api/v1/core/usuarios/minhas-notificacoes/
WARNING 2025-12-16 20:08:21,236 log 53844 62028 Forbidden: /api/v1/core/usuarios/minhas-notificacoes/
WARNING 2025-12-16 20:09:21,224 log 53844 62028 Forbidden: /api/v1/core/usuarios/minhas-notificacoes/
WARNING 2025-12-16 20:10:21,222 log 53844 62028 Forbidden: /api/v1/core/usuarios/minhas-notificacoes/
WARNING 2025-12-16 20:11:21,224 log 53844 62028 Forbidden: /api/v1/core/usuarios/minhas-notificacoes/
ERROR 2025-12-16 20:11:51,814 log 45484 31080 Internal Server Error: /api/v1/vistorias/vistorias/1/gerar-laudo/
WARNING 2025-12-16 20:11:52,688 log 45484 17372 Not Found: /favicon.ico
WARNING 2025-12-16 20:12:13,334 log 45484 31420 Forbidden: /api/v1/contratos/
WARNING 2025-12-16 20:12:13,335 log 45484 29728 Forbidden: /api/v1/vistorias/vistorias/
WARNING 2025-12-16 20:12:13,404 log 45484 29728 Forbidden: /api/v1/stats/
WARNING 2025-12-16 20:12:13,405 log 45484 31420 Forbidden: /api/v1/financeiro/transacoes/stats/
WARNING 2025-12-16 20:12:13,446 log 45484 29728 Forbidden: /api/v1/alugueis/dashboard-stats/
ERROR 2025-12-16 20:12:34,845 log 45484 17372 Internal Server Error: /api/v1/vistorias/vistorias/5/gerar-laudo/
ERROR 2025-12-16 20:13:24,450 log 45484 17372 Internal Server Error: /api/v1/vistorias/vistorias/5/gerar-laudo/
ERROR 2025-12-16 20:13:43,031 log 45484 17372 Internal Server Error: /api/v1/vistorias/vistorias/5/gerar-laudo/
ERROR 2025-12-16 20:13:53,905 log 45484 17372 Internal Server Error: /api/v1/vistorias/vistorias/5/gerar-laudo/
ERROR 2025-12-16 20:14:50,703 log 45484 17372 Internal Server Error: /api/v1/vistorias/vistorias/5/gerar-laudo/
ERROR 2025-12-16 20:15:36,197 log 55808 21640 Internal Server Error: /api/v1/vistorias/vistorias/5/gerar-laudo/
WARNING 2025-12-16 20:18:36,562 log 55808 3360 Forbidden: /api/v1/relatorios/
WARNING 2025-12-16 20:18:45,443 log 55808 32440 Forbidden: /api/v1/relatorios/
ERROR 2025-12-16 20:19:19,299 log 26608 8920 Internal Server Error: /api/v1/vistorias/vistorias/5/gerar-laudo/
ERROR 2025-12-16 20:21:54,536 log 42544 12972 Internal Server Error: /api/v1/vistorias/vistorias/5/gerar-laudo/
WARNING 2025-12-16 20:26:08,872 log 59288 35304 Not Found: /api/vistorias/vistorias/5/
ERROR 2025-12-16 20:28:18,770 log 24540 12212 Internal Server Error: /api/v1/vistorias/vistorias/5/gerar-laudo/
ERROR 2025-12-16 20:28:24,592 log 24540 49040 Internal Server Error: /api/v1/vistorias/vistorias/5/gerar-laudo/
WARNING 2025-12-16 20:29:38,694 util 13116 25972 getSize: Not a float '100%'
ERROR 2025-12-16 20:31:51,883 log 45148 50816 Internal Server Error: /api/v1/vistorias/vistorias/5/gerar-laudo/
ERROR 2025-12-16 20:50:28,766 log 59776 10628 Internal Server Error: /api/v1/vistorias/vistorias/5/
Traceback (most recent call last):
  File "C:\wamp64\www\imobcloud\venv\Lib\site-packages\django\db\backends\utils.py", line 105, in _execute
    return self.cursor.execute(sql, params)
           ^^^^^^^^^^^^^^^^^^^^^^^^^^^^^^^^
psycopg2.errors.UndefinedColumn: ERRORE:  la colonna app_vistorias_vistoria.assinatura_locatario non esiste
LINE 1: ...", "app_vistorias_vistoria"."realizado_por_nome", "app_visto...
                                                             ^


The above exception was the direct cause of the following exception:

Traceback (most recent call last):
  File "C:\wamp64\www\imobcloud\venv\Lib\site-packages\django\core\handlers\exception.py", line 55, in inner
    response = get_response(request)
               ^^^^^^^^^^^^^^^^^^^^^
  File "C:\wamp64\www\imobcloud\venv\Lib\site-packages\django\core\handlers\base.py", line 197, in _get_response
    response = wrapped_callback(request, *callback_args, **callback_kwargs)
               ^^^^^^^^^^^^^^^^^^^^^^^^^^^^^^^^^^^^^^^^^^^^^^^^^^^^^^^^^^^^
  File "C:\wamp64\www\imobcloud\venv\Lib\site-packages\django\views\decorators\csrf.py", line 65, in _view_wrapper
    return view_func(request, *args, **kwargs)
           ^^^^^^^^^^^^^^^^^^^^^^^^^^^^^^^^^^^
  File "C:\wamp64\www\imobcloud\venv\Lib\site-packages\rest_framework\viewsets.py", line 124, in view
    return self.dispatch(request, *args, **kwargs)
           ^^^^^^^^^^^^^^^^^^^^^^^^^^^^^^^^^^^^^^^
  File "C:\wamp64\www\imobcloud\venv\Lib\site-packages\rest_framework\views.py", line 509, in dispatch
    response = self.handle_exception(exc)
               ^^^^^^^^^^^^^^^^^^^^^^^^^^
  File "C:\wamp64\www\imobcloud\venv\Lib\site-packages\rest_framework\views.py", line 469, in handle_exception
    self.raise_uncaught_exception(exc)
  File "C:\wamp64\www\imobcloud\venv\Lib\site-packages\rest_framework\views.py", line 480, in raise_uncaught_exception
    raise exc
  File "C:\wamp64\www\imobcloud\venv\Lib\site-packages\rest_framework\views.py", line 506, in dispatch
    response = handler(request, *args, **kwargs)
               ^^^^^^^^^^^^^^^^^^^^^^^^^^^^^^^^^
  File "C:\wamp64\www\imobcloud\venv\Lib\site-packages\rest_framework\mixins.py", line 56, in retrieve
    instance = self.get_object()
               ^^^^^^^^^^^^^^^^^
  File "C:\wamp64\www\imobcloud\venv\Lib\site-packages\rest_framework\generics.py", line 100, in get_object
    obj = get_object_or_404(queryset, **filter_kwargs)
          ^^^^^^^^^^^^^^^^^^^^^^^^^^^^^^^^^^^^^^^^^^^^
  File "C:\wamp64\www\imobcloud\venv\Lib\site-packages\rest_framework\generics.py", line 19, in get_object_or_404
    return _get_object_or_404(queryset, *filter_args, **filter_kwargs)
           ^^^^^^^^^^^^^^^^^^^^^^^^^^^^^^^^^^^^^^^^^^^^^^^^^^^^^^^^^^^
  File "C:\wamp64\www\imobcloud\venv\Lib\site-packages\django\shortcuts.py", line 90, in get_object_or_404
    return queryset.get(*args, **kwargs)
           ^^^^^^^^^^^^^^^^^^^^^^^^^^^^^
  File "C:\wamp64\www\imobcloud\venv\Lib\site-packages\django\db\models\query.py", line 629, in get
    num = len(clone)
          ^^^^^^^^^^
  File "C:\wamp64\www\imobcloud\venv\Lib\site-packages\django\db\models\query.py", line 366, in __len__
    self._fetch_all()
  File "C:\wamp64\www\imobcloud\venv\Lib\site-packages\django\db\models\query.py", line 1949, in _fetch_all
    self._result_cache = list(self._iterable_class(self))
                         ^^^^^^^^^^^^^^^^^^^^^^^^^^^^^^^^
  File "C:\wamp64\www\imobcloud\venv\Lib\site-packages\django\db\models\query.py", line 91, in __iter__
    results = compiler.execute_sql(
              ^^^^^^^^^^^^^^^^^^^^^
  File "C:\wamp64\www\imobcloud\venv\Lib\site-packages\django\db\models\sql\compiler.py", line 1623, in execute_sql
    cursor.execute(sql, params)
  File "C:\wamp64\www\imobcloud\venv\Lib\site-packages\django\db\backends\utils.py", line 122, in execute
    return super().execute(sql, params)
           ^^^^^^^^^^^^^^^^^^^^^^^^^^^^
  File "C:\wamp64\www\imobcloud\venv\Lib\site-packages\django\db\backends\utils.py", line 79, in execute
    return self._execute_with_wrappers(
           ^^^^^^^^^^^^^^^^^^^^^^^^^^^^
  File "C:\wamp64\www\imobcloud\venv\Lib\site-packages\django\db\backends\utils.py", line 92, in _execute_with_wrappers
    return executor(sql, params, many, context)
           ^^^^^^^^^^^^^^^^^^^^^^^^^^^^^^^^^^^^
  File "C:\wamp64\www\imobcloud\venv\Lib\site-packages\django\db\backends\utils.py", line 100, in _execute
    with self.db.wrap_database_errors:
         ^^^^^^^^^^^^^^^^^^^^^^^^^^^^
  File "C:\wamp64\www\imobcloud\venv\Lib\site-packages\django\db\utils.py", line 91, in __exit__
    raise dj_exc_value.with_traceback(traceback) from exc_value
  File "C:\wamp64\www\imobcloud\venv\Lib\site-packages\django\db\backends\utils.py", line 105, in _execute
    return self.cursor.execute(sql, params)
           ^^^^^^^^^^^^^^^^^^^^^^^^^^^^^^^^
django.db.utils.ProgrammingError: ERRORE:  la colonna app_vistorias_vistoria.assinatura_locatario non esiste
LINE 1: ...", "app_vistorias_vistoria"."realizado_por_nome", "app_visto...
                                                             ^

WARNING 2025-12-16 20:51:46,448 log 35284 57628 Not Found: /api/vistorias/vistorias/5/
WARNING 2025-12-16 20:59:47,470 log 30644 51992 Bad Request: /api/v1/vistorias/vistorias/5/
WARNING 2025-12-16 21:07:38,019 log 43436 34620 Bad Request: /api/v1/vistorias/vistorias/5/
WARNING 2025-12-16 21:10:32,490 log 43436 34620 Bad Request: /api/v1/vistorias/vistorias/5/
WARNING 2025-12-16 21:10:47,594 log 43436 34620 Bad Request: /api/v1/vistorias/vistorias/5/
WARNING 2025-12-16 21:13:08,982 log 43436 34620 Unsupported Media Type: /api/v1/vistorias/fotos/upload-lote/
WARNING 2025-12-16 21:15:19,727 log 43436 62412 Unsupported Media Type: /api/v1/vistorias/fotos/upload-lote/
WARNING 2025-12-16 21:18:52,271 log 43436 62412 Forbidden: /api/v1/vistorias/itens/
WARNING 2025-12-16 21:19:03,427 log 43436 34268 Forbidden: /api/v1/stats/
WARNING 2025-12-16 21:19:03,434 log 43436 15696 Forbidden: /api/v1/financeiro/transacoes/stats/
WARNING 2025-12-16 21:19:03,435 log 43436 62412 Forbidden: /api/v1/alugueis/dashboard-stats/
WARNING 2025-12-16 21:21:43,988 util 43436 62412 getSize: Not a float '45%'
WARNING 2025-12-16 21:34:23,683 log 52712 58164 Bad Request: /api/v1/vistorias/vistorias/7/
WARNING 2025-12-16 21:34:28,735 log 52712 58164 Bad Request: /api/v1/vistorias/vistorias/7/
WARNING 2025-12-16 21:34:36,558 log 52712 2200 Bad Request: /api/v1/vistorias/vistorias/7/
WARNING 2025-12-16 21:35:00,526 log 52712 54676 Bad Request: /api/v1/vistorias/vistorias/7/
WARNING 2025-12-16 21:36:02,217 log 52712 54676 Bad Request: /api/v1/vistorias/vistorias/7/
ERROR 2025-12-16 21:42:36,485 log 55884 46168 Internal Server Error: /api/v1/vistorias/vistorias/7/gerar-laudo/
ERROR 2025-12-16 21:42:43,061 log 55884 46168 Internal Server Error: /api/v1/vistorias/vistorias/7/gerar-laudo/
WARNING 2025-12-19 15:43:20,678 log 58808 11816 Forbidden: /api/v1/core/usuarios/minhas-notificacoes/
WARNING 2025-12-19 15:43:20,685 log 58808 9192 Forbidden: /api/v1/stats/
WARNING 2025-12-19 15:43:20,748 log 58808 25316 Forbidden: /api/v1/financeiro/transacoes/stats/
WARNING 2025-12-19 15:43:20,752 log 58808 55512 Forbidden: /api/v1/alugueis/dashboard-stats/
WARNING 2025-12-19 15:44:21,003 log 58808 55512 Forbidden: /api/v1/core/usuarios/minhas-notificacoes/
WARNING 2025-12-19 15:45:20,997 log 58808 55512 Forbidden: /api/v1/core/usuarios/minhas-notificacoes/
WARNING 2025-12-19 15:46:21,010 log 58808 55512 Forbidden: /api/v1/core/usuarios/minhas-notificacoes/
WARNING 2025-12-19 15:47:21,005 log 58808 55512 Forbidden: /api/v1/core/usuarios/minhas-notificacoes/
WARNING 2025-12-19 15:48:21,006 log 58808 55512 Forbidden: /api/v1/core/usuarios/minhas-notificacoes/
WARNING 2025-12-19 15:49:20,990 log 58808 55512 Forbidden: /api/v1/core/usuarios/minhas-notificacoes/
WARNING 2025-12-19 15:51:10,012 log 58808 55512 Forbidden: /api/v1/core/usuarios/minhas-notificacoes/
WARNING 2025-12-19 15:52:10,019 log 58808 55512 Forbidden: /api/v1/core/usuarios/minhas-notificacoes/
WARNING 2025-12-19 15:53:10,009 log 58808 55512 Forbidden: /api/v1/core/usuarios/minhas-notificacoes/
WARNING 2025-12-19 15:54:10,010 log 58808 55512 Forbidden: /api/v1/core/usuarios/minhas-notificacoes/
WARNING 2025-12-19 15:55:10,012 log 58808 55512 Forbidden: /api/v1/core/usuarios/minhas-notificacoes/
WARNING 2025-12-19 15:56:10,007 log 58808 55512 Forbidden: /api/v1/core/usuarios/minhas-notificacoes/
WARNING 2025-12-19 15:57:10,031 log 58808 55512 Forbidden: /api/v1/core/usuarios/minhas-notificacoes/
WARNING 2025-12-19 15:58:10,015 log 58808 55512 Forbidden: /api/v1/core/usuarios/minhas-notificacoes/
WARNING 2025-12-19 15:59:10,011 log 58808 55512 Forbidden: /api/v1/core/usuarios/minhas-notificacoes/
WARNING 2025-12-19 16:00:10,001 log 58808 55512 Forbidden: /api/v1/core/usuarios/minhas-notificacoes/
WARNING 2025-12-19 16:01:10,005 log 58808 55512 Forbidden: /api/v1/core/usuarios/minhas-notificacoes/
WARNING 2025-12-19 16:02:10,007 log 58808 55512 Forbidden: /api/v1/core/usuarios/minhas-notificacoes/
WARNING 2025-12-19 16:03:10,001 log 58808 55512 Forbidden: /api/v1/core/usuarios/minhas-notificacoes/
WARNING 2025-12-19 16:04:09,997 log 58808 55512 Forbidden: /api/v1/core/usuarios/minhas-notificacoes/
WARNING 2025-12-19 16:05:10,012 log 58808 55512 Forbidden: /api/v1/core/usuarios/minhas-notificacoes/
WARNING 2025-12-19 16:06:10,011 log 58808 55512 Forbidden: /api/v1/core/usuarios/minhas-notificacoes/
WARNING 2025-12-19 16:07:10,019 log 58808 55512 Forbidden: /api/v1/core/usuarios/minhas-notificacoes/
WARNING 2025-12-19 16:08:10,081 log 58808 55512 Forbidden: /api/v1/core/usuarios/minhas-notificacoes/
WARNING 2025-12-19 16:09:10,320 log 58808 36224 Forbidden: /api/v1/core/usuarios/minhas-notificacoes/
WARNING 2025-12-19 16:10:10,012 log 58808 36224 Forbidden: /api/v1/core/usuarios/minhas-notificacoes/
WARNING 2025-12-19 16:11:10,006 log 58808 36224 Forbidden: /api/v1/core/usuarios/minhas-notificacoes/
WARNING 2025-12-19 16:12:10,001 log 58808 36224 Forbidden: /api/v1/core/usuarios/minhas-notificacoes/
WARNING 2025-12-19 16:13:10,023 log 58808 36224 Forbidden: /api/v1/core/usuarios/minhas-notificacoes/
WARNING 2025-12-19 16:14:10,015 log 58808 36224 Forbidden: /api/v1/core/usuarios/minhas-notificacoes/
WARNING 2025-12-19 16:15:10,010 log 58808 36224 Forbidden: /api/v1/core/usuarios/minhas-notificacoes/
WARNING 2025-12-19 16:16:10,009 log 58808 36224 Forbidden: /api/v1/core/usuarios/minhas-notificacoes/
WARNING 2025-12-19 16:17:10,010 log 58808 36224 Forbidden: /api/v1/core/usuarios/minhas-notificacoes/
WARNING 2025-12-19 16:18:10,002 log 58808 36224 Forbidden: /api/v1/core/usuarios/minhas-notificacoes/
WARNING 2025-12-19 16:19:09,998 log 58808 36224 Forbidden: /api/v1/core/usuarios/minhas-notificacoes/
WARNING 2025-12-19 16:20:10,009 log 58808 36224 Forbidden: /api/v1/core/usuarios/minhas-notificacoes/
WARNING 2025-12-19 16:21:10,016 log 58808 36224 Forbidden: /api/v1/core/usuarios/minhas-notificacoes/
WARNING 2025-12-19 16:22:10,021 log 58808 36224 Forbidden: /api/v1/core/usuarios/minhas-notificacoes/
WARNING 2025-12-19 16:23:09,998 log 58808 36224 Forbidden: /api/v1/core/usuarios/minhas-notificacoes/
WARNING 2025-12-19 16:24:10,002 log 58808 36224 Forbidden: /api/v1/core/usuarios/minhas-notificacoes/
WARNING 2025-12-19 16:25:10,002 log 58808 36224 Forbidden: /api/v1/core/usuarios/minhas-notificacoes/
WARNING 2025-12-19 17:34:18,682 log 58808 59956 Forbidden: /api/v1/core/usuarios/minhas-notificacoes/
WARNING 2025-12-19 17:35:18,668 log 58808 59956 Forbidden: /api/v1/core/usuarios/minhas-notificacoes/
WARNING 2025-12-19 17:36:18,686 log 58808 59956 Forbidden: /api/v1/core/usuarios/minhas-notificacoes/
WARNING 2025-12-19 17:37:18,684 log 58808 59956 Forbidden: /api/v1/core/usuarios/minhas-notificacoes/
WARNING 2025-12-19 17:38:18,994 log 58808 35744 Forbidden: /api/v1/core/usuarios/minhas-notificacoes/
WARNING 2025-12-19 17:39:18,688 log 58808 35744 Forbidden: /api/v1/core/usuarios/minhas-notificacoes/
WARNING 2025-12-19 17:40:18,687 log 58808 35744 Forbidden: /api/v1/core/usuarios/minhas-notificacoes/
WARNING 2025-12-19 17:41:18,680 log 58808 35744 Forbidden: /api/v1/core/usuarios/minhas-notificacoes/
WARNING 2025-12-19 17:42:18,686 log 58808 35744 Forbidden: /api/v1/core/usuarios/minhas-notificacoes/
WARNING 2025-12-19 17:43:18,682 log 58808 35744 Forbidden: /api/v1/core/usuarios/minhas-notificacoes/
WARNING 2025-12-19 17:44:18,680 log 58808 35744 Forbidden: /api/v1/core/usuarios/minhas-notificacoes/
WARNING 2025-12-19 17:45:18,686 log 58808 35744 Forbidden: /api/v1/core/usuarios/minhas-notificacoes/
WARNING 2025-12-19 17:46:18,672 log 58808 35744 Forbidden: /api/v1/core/usuarios/minhas-notificacoes/
WARNING 2025-12-19 17:47:18,672 log 58808 35744 Forbidden: /api/v1/core/usuarios/minhas-notificacoes/
WARNING 2025-12-19 17:48:18,681 log 58808 35744 Forbidden: /api/v1/core/usuarios/minhas-notificacoes/
WARNING 2025-12-19 17:49:18,681 log 58808 35744 Forbidden: /api/v1/core/usuarios/minhas-notificacoes/
WARNING 2025-12-19 17:50:18,678 log 58808 35744 Forbidden: /api/v1/core/usuarios/minhas-notificacoes/
WARNING 2025-12-19 17:51:18,673 log 58808 35744 Forbidden: /api/v1/core/usuarios/minhas-notificacoes/
WARNING 2025-12-19 17:52:18,689 log 58808 35744 Forbidden: /api/v1/core/usuarios/minhas-notificacoes/
WARNING 2025-12-19 17:53:18,683 log 58808 35744 Forbidden: /api/v1/core/usuarios/minhas-notificacoes/
WARNING 2025-12-19 17:54:19,007 log 58808 35744 Forbidden: /api/v1/core/usuarios/minhas-notificacoes/
WARNING 2025-12-19 17:56:10,012 log 58808 35744 Forbidden: /api/v1/core/usuarios/minhas-notificacoes/
WARNING 2025-12-19 17:57:10,142 log 58808 35744 Forbidden: /api/v1/core/usuarios/minhas-notificacoes/
WARNING 2025-12-19 17:58:10,061 log 58808 35744 Forbidden: /api/v1/core/usuarios/minhas-notificacoes/
WARNING 2025-12-19 17:59:10,116 log 58808 35744 Forbidden: /api/v1/core/usuarios/minhas-notificacoes/
WARNING 2025-12-19 18:00:10,009 log 58808 35744 Forbidden: /api/v1/core/usuarios/minhas-notificacoes/
WARNING 2025-12-19 18:01:10,007 log 58808 35744 Forbidden: /api/v1/core/usuarios/minhas-notificacoes/
WARNING 2025-12-19 18:02:10,047 log 58808 35744 Forbidden: /api/v1/core/usuarios/minhas-notificacoes/
WARNING 2025-12-19 18:03:10,032 log 58808 35744 Forbidden: /api/v1/core/usuarios/minhas-notificacoes/
WARNING 2025-12-19 18:04:09,999 log 58808 35744 Forbidden: /api/v1/core/usuarios/minhas-notificacoes/
WARNING 2025-12-19 18:05:10,009 log 58808 35744 Forbidden: /api/v1/core/usuarios/minhas-notificacoes/
WARNING 2025-12-19 18:06:10,010 log 58808 35744 Forbidden: /api/v1/core/usuarios/minhas-notificacoes/
WARNING 2025-12-19 18:06:50,583 log 58808 35744 Forbidden: /api/v1/core/usuarios/minhas-notificacoes/
WARNING 2025-12-19 18:07:19,007 log 58808 35744 Forbidden: /api/v1/core/usuarios/minhas-notificacoes/
WARNING 2025-12-19 18:08:50,007 log 58808 35168 Forbidden: /api/v1/stats/
WARNING 2025-12-19 18:08:50,054 log 58808 45280 Forbidden: /api/v1/financeiro/transacoes/stats/
WARNING 2025-12-19 18:08:50,059 log 58808 48668 Forbidden: /api/v1/alugueis/dashboard-stats/
WARNING 2025-12-19 18:08:52,598 log 58808 48668 Forbidden: /api/v1/core/usuarios/minhas-notificacoes/
WARNING 2025-12-19 18:38:58,194 log 58808 26256 Forbidden: /api/v1/relatorios/
WARNING 2025-12-19 18:39:00,212 log 58808 26256 Forbidden: /api/v1/relatorios/
WARNING 2025-12-19 18:39:01,753 log 58808 26256 Forbidden: /api/v1/relatorios/
WARNING 2025-12-19 18:39:02,962 log 58808 26256 Forbidden: /api/v1/relatorios/
WARNING 2025-12-19 19:39:46,302 log 58808 40988 Forbidden: /api/v1/core/usuarios/minhas-notificacoes/
WARNING 2025-12-19 19:39:46,320 log 58808 40988 Forbidden: /api/v1/core/usuarios/minhas-notificacoes/
WARNING 2025-12-19 19:39:49,848 log 58808 40988 Forbidden: /api/v1/stats/
WARNING 2025-12-19 19:39:49,921 log 58808 40988 Forbidden: /api/v1/financeiro/transacoes/stats/
WARNING 2025-12-19 19:39:50,153 log 58808 40988 Forbidden: /api/v1/alugueis/dashboard-stats/
WARNING 2025-12-19 19:39:50,418 log 58808 11440 Forbidden: /api/v1/core/usuarios/minhas-notificacoes/
WARNING 2025-12-19 19:44:30,078 log 58808 61076 Forbidden: /api/v1/relatorios/
WARNING 2025-12-19 19:49:29,946 log 58808 11440 Forbidden: /api/v1/relatorios/
WARNING 2025-12-19 20:07:04,152 log 58808 39796 Forbidden: /api/v1/relatorios/
WARNING 2025-12-19 20:07:10,515 log 58808 30964 Forbidden: /api/v1/relatorios/
WARNING 2025-12-19 20:12:07,214 log 64216 38408 Forbidden: /api/v1/relatorios/
WARNING 2025-12-19 20:16:50,467 log 64216 12752 Forbidden: /api/v1/relatorios/
WARNING 2025-12-19 20:27:33,752 log 64216 43868 Forbidden: /api/v1/relatorios/
WARNING 2025-12-19 20:42:32,465 log 64216 54468 Unsupported Media Type: /api/v1/clientes/13/
WARNING 2025-12-19 20:43:06,210 log 64216 54468 Forbidden: /api/v1/clientes/13/
WARNING 2025-12-19 20:43:27,300 log 64216 28624 Unsupported Media Type: /api/v1/clientes/13/
WARNING 2025-12-19 20:52:39,710 log 64216 28624 Unsupported Media Type: /api/v1/clientes/13/
WARNING 2025-12-19 21:02:01,088 log 64216 28624 Forbidden: /api/v1/relatorios/
WARNING 2025-12-19 21:02:28,440 log 64216 47844 Forbidden: /api/v1/core/usuarios/minhas-notificacoes/
WARNING 2025-12-19 21:02:31,622 log 64216 47844 Forbidden: /api/v1/relatorios/
WARNING 2025-12-19 21:02:37,202 log 64216 28624 Forbidden: /api/v1/relatorios/
WARNING 2025-12-19 21:11:09,874 log 64216 60728 Not Found: /favicon.ico
WARNING 2025-12-20 12:16:37,990 log 27188 24780 Forbidden: /api/v1/core/usuarios/minhas-notificacoes/
WARNING 2025-12-20 12:16:37,994 log 27188 50980 Forbidden: /api/v1/financeiro/transacoes/stats/
WARNING 2025-12-20 12:16:37,998 log 27188 12092 Forbidden: /api/v1/alugueis/dashboard-stats/
WARNING 2025-12-20 12:16:38,002 log 27188 46468 Forbidden: /api/v1/stats/
WARNING 2025-12-20 12:16:42,059 log 27188 46468 Forbidden: /api/v1/stats/
WARNING 2025-12-20 12:16:42,063 log 27188 50980 Forbidden: /api/v1/alugueis/dashboard-stats/
WARNING 2025-12-20 12:16:42,067 log 27188 12092 Forbidden: /api/v1/financeiro/transacoes/stats/
WARNING 2025-12-20 12:17:37,844 log 27188 12092 Forbidden: /api/v1/core/usuarios/minhas-notificacoes/
WARNING 2025-12-20 12:18:37,826 log 27188 12092 Forbidden: /api/v1/core/usuarios/minhas-notificacoes/
WARNING 2025-12-20 12:19:37,858 log 27188 12092 Forbidden: /api/v1/core/usuarios/minhas-notificacoes/
WARNING 2025-12-20 12:20:37,847 log 27188 12092 Forbidden: /api/v1/core/usuarios/minhas-notificacoes/
WARNING 2025-12-20 12:21:37,840 log 27188 12092 Forbidden: /api/v1/core/usuarios/minhas-notificacoes/
WARNING 2025-12-20 12:22:37,854 log 27188 12092 Forbidden: /api/v1/core/usuarios/minhas-notificacoes/
WARNING 2025-12-20 12:24:06,845 log 27188 12092 Forbidden: /api/v1/core/usuarios/minhas-notificacoes/
WARNING 2025-12-20 12:25:06,916 log 27188 12092 Forbidden: /api/v1/core/usuarios/minhas-notificacoes/
WARNING 2025-12-20 12:26:06,851 log 27188 12092 Forbidden: /api/v1/core/usuarios/minhas-notificacoes/
WARNING 2025-12-20 12:26:37,653 log 27188 12092 Forbidden: /api/v1/core/usuarios/minhas-notificacoes/
WARNING 2025-12-20 12:27:25,808 log 56600 54612 Forbidden: /api/v1/financeiro/transacoes/stats/
WARNING 2025-12-20 12:27:25,810 log 56600 49300 Forbidden: /api/v1/stats/
WARNING 2025-12-20 12:27:25,824 log 56600 1772 Forbidden: /api/v1/alugueis/dashboard-stats/
WARNING 2025-12-20 12:27:37,840 log 56600 1772 Forbidden: /api/v1/core/usuarios/minhas-notificacoes/
WARNING 2025-12-20 12:28:37,848 log 56600 1772 Forbidden: /api/v1/core/usuarios/minhas-notificacoes/
WARNING 2025-12-20 12:29:37,851 log 56600 1772 Forbidden: /api/v1/core/usuarios/minhas-notificacoes/
WARNING 2025-12-20 12:31:06,847 log 56600 1772 Forbidden: /api/v1/core/usuarios/minhas-notificacoes/
WARNING 2025-12-20 12:32:06,846 log 56600 1772 Forbidden: /api/v1/core/usuarios/minhas-notificacoes/
WARNING 2025-12-20 12:32:38,413 log 56600 1772 Forbidden: /api/v1/core/usuarios/minhas-notificacoes/
WARNING 2025-12-20 12:32:38,640 log 56600 1772 Forbidden: /api/core/stats/
WARNING 2025-12-20 12:32:38,650 log 56600 1772 Forbidden: /api/financeiro/transacoes/stats/
WARNING 2025-12-20 12:32:38,669 log 56600 1772 Forbidden: /api/alugueis/dashboard-stats/
WARNING 2025-12-20 12:32:46,335 log 56600 34516 Not Found: /api/core/stats/
WARNING 2025-12-20 12:32:46,352 log 56600 7364 Not Found: /api/alugueis/dashboard-stats/
WARNING 2025-12-20 12:32:46,386 log 56600 22852 Not Found: /api/financeiro/transacoes/stats/
WARNING 2025-12-20 12:34:09,983 log 56600 18764 Not Found: /api/v1/core/stats/
WARNING 2025-12-20 12:34:10,584 log 56600 42652 Not Found: /api/v1/core/stats/
WARNING 2025-12-20 12:49:00,614 log 7424 34364 Forbidden: /api/v1/relatorios/
WARNING 2025-12-20 12:53:45,444 log 60648 32008 Forbidden: /api/v1/stats/
WARNING 2025-12-20 12:53:45,444 log 60648 32164 Forbidden: /api/v1/core/usuarios/minhas-notificacoes/
WARNING 2025-12-20 12:53:45,472 log 60648 42356 Forbidden: /api/v1/financeiro/transacoes/stats/
WARNING 2025-12-20 12:53:45,486 log 60648 11336 Forbidden: /api/v1/alugueis/dashboard-stats/
WARNING 2025-12-20 12:53:46,818 log 60648 32008 Forbidden: /api/v1/stats/
WARNING 2025-12-20 12:53:46,834 log 60648 32164 Forbidden: /api/v1/financeiro/transacoes/stats/
WARNING 2025-12-20 12:53:46,841 log 60648 42356 Forbidden: /api/v1/alugueis/dashboard-stats/
WARNING 2025-12-20 12:54:15,482 log 60648 32008 Forbidden: /api/v1/relatorios/
WARNING 2025-12-20 12:55:03,698 log 60648 32008 Forbidden: /api/v1/core/usuarios/minhas-notificacoes/
WARNING 2025-12-20 12:56:03,721 log 60648 32008 Forbidden: /api/v1/core/usuarios/minhas-notificacoes/
WARNING 2025-12-20 12:56:57,385 log 34212 32004 Forbidden: /api/v1/relatorios/
WARNING 2025-12-20 12:57:03,987 log 34212 32004 Forbidden: /api/v1/relatorios/
WARNING 2025-12-20 12:57:56,845 log 34212 16452 Forbidden: /api/v1/core/usuarios/minhas-notificacoes/
WARNING 2025-12-20 12:58:03,186 log 34212 32004 Forbidden: /api/v1/core/usuarios/minhas-notificacoes/
WARNING 2025-12-20 12:58:04,218 log 34212 16452 Forbidden: /api/v1/core/usuarios/minhas-notificacoes/
WARNING 2025-12-20 12:58:56,839 log 34212 32004 Forbidden: /api/v1/core/usuarios/minhas-notificacoes/
WARNING 2025-12-20 12:59:03,178 log 34212 16452 Forbidden: /api/v1/core/usuarios/minhas-notificacoes/
WARNING 2025-12-20 12:59:04,215 log 34212 32004 Forbidden: /api/v1/core/usuarios/minhas-notificacoes/
WARNING 2025-12-20 12:59:56,844 log 34212 16452 Forbidden: /api/v1/core/usuarios/minhas-notificacoes/
WARNING 2025-12-20 13:00:03,180 log 34212 32004 Forbidden: /api/v1/core/usuarios/minhas-notificacoes/
WARNING 2025-12-20 13:00:04,211 log 34212 16452 Forbidden: /api/v1/core/usuarios/minhas-notificacoes/
WARNING 2025-12-20 13:00:56,855 log 34212 32004 Forbidden: /api/v1/core/usuarios/minhas-notificacoes/
WARNING 2025-12-20 13:01:03,190 log 34212 16452 Forbidden: /api/v1/core/usuarios/minhas-notificacoes/
WARNING 2025-12-20 13:01:04,222 log 34212 32004 Forbidden: /api/v1/core/usuarios/minhas-notificacoes/
WARNING 2025-12-20 13:01:57,079 log 34212 16452 Forbidden: /api/v1/core/usuarios/minhas-notificacoes/
WARNING 2025-12-20 13:02:03,195 log 34212 32004 Forbidden: /api/v1/core/usuarios/minhas-notificacoes/
WARNING 2025-12-20 13:02:04,234 log 34212 16452 Forbidden: /api/v1/core/usuarios/minhas-notificacoes/
WARNING 2025-12-20 13:33:07,224 log 9648 28900 Forbidden: /api/v1/core/usuarios/minhas-notificacoes/
WARNING 2025-12-20 13:34:06,844 log 9648 28900 Forbidden: /api/v1/core/usuarios/minhas-notificacoes/
WARNING 2025-12-20 13:35:07,002 log 9648 28900 Forbidden: /api/v1/core/usuarios/minhas-notificacoes/
WARNING 2025-12-20 13:36:07,095 log 9648 28900 Forbidden: /api/v1/core/usuarios/minhas-notificacoes/
WARNING 2025-12-20 13:37:06,890 log 9648 28900 Forbidden: /api/v1/core/usuarios/minhas-notificacoes/
WARNING 2025-12-20 13:38:06,856 log 9648 28900 Forbidden: /api/v1/core/usuarios/minhas-notificacoes/
WARNING 2025-12-20 13:39:06,850 log 9648 28900 Forbidden: /api/v1/core/usuarios/minhas-notificacoes/
WARNING 2025-12-20 13:40:06,838 log 9648 28900 Forbidden: /api/v1/core/usuarios/minhas-notificacoes/
WARNING 2025-12-20 13:41:06,838 log 9648 28900 Forbidden: /api/v1/core/usuarios/minhas-notificacoes/
WARNING 2025-12-20 13:41:32,640 log 9648 28900 Forbidden: /api/v1/stats/
WARNING 2025-12-20 13:41:32,649 log 9648 28900 Forbidden: /api/v1/financeiro/transacoes/stats/
WARNING 2025-12-20 13:41:32,681 log 9648 28900 Forbidden: /api/v1/alugueis/dashboard-stats/
WARNING 2025-12-20 14:03:08,588 log 9648 4268 Forbidden: /api/v1/core/usuarios/minhas-notificacoes/
WARNING 2025-12-20 14:03:10,630 log 9648 4268 Forbidden: /api/v1/stats/
WARNING 2025-12-20 14:03:10,640 log 9648 45492 Forbidden: /api/v1/financeiro/transacoes/stats/
WARNING 2025-12-20 14:03:10,651 log 9648 20592 Forbidden: /api/v1/alugueis/dashboard-stats/
WARNING 2025-12-20 14:04:08,717 log 9648 4268 Forbidden: /api/v1/core/usuarios/minhas-notificacoes/
WARNING 2025-12-20 14:05:08,740 log 9648 4268 Forbidden: /api/v1/core/usuarios/minhas-notificacoes/
WARNING 2025-12-20 14:06:09,337 log 9648 4268 Forbidden: /api/v1/core/usuarios/minhas-notificacoes/
WARNING 2025-12-20 14:06:26,388 log 9648 4268 Forbidden: /api/v1/stats/
WARNING 2025-12-20 14:06:26,438 log 9648 54424 Forbidden: /api/v1/financeiro/transacoes/stats/
WARNING 2025-12-20 14:06:26,454 log 9648 4020 Forbidden: /api/v1/alugueis/dashboard-stats/
WARNING 2025-12-20 14:06:30,022 log 9648 4268 Forbidden: /api/v1/stats/
WARNING 2025-12-20 14:06:30,028 log 9648 54424 Forbidden: /api/v1/financeiro/transacoes/stats/
WARNING 2025-12-20 14:06:30,049 log 9648 4020 Forbidden: /api/v1/alugueis/dashboard-stats/
WARNING 2025-12-20 14:06:31,132 log 9648 4268 Forbidden: /api/v1/stats/
WARNING 2025-12-20 14:06:31,144 log 9648 54424 Forbidden: /api/v1/financeiro/transacoes/stats/
WARNING 2025-12-20 14:06:31,152 log 9648 4020 Forbidden: /api/v1/alugueis/dashboard-stats/
WARNING 2025-12-20 14:42:06,851 log 9648 7176 Forbidden: /api/v1/core/usuarios/minhas-notificacoes/
WARNING 2025-12-20 14:43:06,844 log 9648 7176 Forbidden: /api/v1/core/usuarios/minhas-notificacoes/
WARNING 2025-12-20 14:44:06,842 log 9648 7176 Forbidden: /api/v1/core/usuarios/minhas-notificacoes/
WARNING 2025-12-20 14:45:06,841 log 9648 7176 Forbidden: /api/v1/core/usuarios/minhas-notificacoes/
WARNING 2025-12-20 14:46:06,845 log 9648 7176 Forbidden: /api/v1/core/usuarios/minhas-notificacoes/
WARNING 2025-12-20 14:47:06,837 log 9648 7176 Forbidden: /api/v1/core/usuarios/minhas-notificacoes/
WARNING 2025-12-20 14:48:06,841 log 9648 7176 Forbidden: /api/v1/core/usuarios/minhas-notificacoes/
WARNING 2025-12-20 14:49:06,854 log 9648 7176 Forbidden: /api/v1/core/usuarios/minhas-notificacoes/
WARNING 2025-12-20 14:50:06,834 log 9648 7176 Forbidden: /api/v1/core/usuarios/minhas-notificacoes/
WARNING 2025-12-20 14:51:03,575 log 9648 7176 Forbidden: /api/v1/core/usuarios/minhas-notificacoes/
WARNING 2025-12-20 14:51:39,830 log 9648 7176 Forbidden: /api/v1/core/usuarios/minhas-notificacoes/
WARNING 2025-12-20 14:53:06,855 log 9648 7176 Forbidden: /api/v1/core/usuarios/minhas-notificacoes/
WARNING 2025-12-20 14:54:06,851 log 9648 7176 Forbidden: /api/v1/core/usuarios/minhas-notificacoes/
WARNING 2025-12-20 14:55:06,841 log 9648 7176 Forbidden: /api/v1/core/usuarios/minhas-notificacoes/
WARNING 2025-12-20 14:56:06,874 log 9648 7176 Forbidden: /api/v1/core/usuarios/minhas-notificacoes/
WARNING 2025-12-20 14:57:06,840 log 9648 7176 Forbidden: /api/v1/core/usuarios/minhas-notificacoes/
WARNING 2025-12-20 14:58:06,855 log 9648 7176 Forbidden: /api/v1/core/usuarios/minhas-notificacoes/
WARNING 2025-12-20 14:59:06,845 log 9648 7176 Forbidden: /api/v1/core/usuarios/minhas-notificacoes/
WARNING 2025-12-20 15:00:06,860 log 9648 7176 Forbidden: /api/v1/core/usuarios/minhas-notificacoes/
WARNING 2025-12-20 15:01:06,839 log 9648 7176 Forbidden: /api/v1/core/usuarios/minhas-notificacoes/
WARNING 2025-12-20 15:02:06,853 log 9648 7176 Forbidden: /api/v1/core/usuarios/minhas-notificacoes/
WARNING 2025-12-20 15:03:07,151 log 9648 55480 Forbidden: /api/v1/core/usuarios/minhas-notificacoes/
WARNING 2025-12-20 15:04:06,844 log 9648 55480 Forbidden: /api/v1/core/usuarios/minhas-notificacoes/
WARNING 2025-12-20 15:05:06,841 log 9648 55480 Forbidden: /api/v1/core/usuarios/minhas-notificacoes/
WARNING 2025-12-20 15:06:06,834 log 9648 55480 Forbidden: /api/v1/core/usuarios/minhas-notificacoes/
WARNING 2025-12-20 15:07:06,835 log 9648 55480 Forbidden: /api/v1/core/usuarios/minhas-notificacoes/
WARNING 2025-12-20 15:07:26,335 log 9648 9676 Forbidden: /api/v1/core/usuarios/minhas-notificacoes/
WARNING 2025-12-20 15:08:06,838 log 9648 55480 Forbidden: /api/v1/core/usuarios/minhas-notificacoes/
WARNING 2025-12-20 15:08:26,342 log 9648 9676 Forbidden: /api/v1/core/usuarios/minhas-notificacoes/
WARNING 2025-12-20 15:09:06,845 log 9648 55480 Forbidden: /api/v1/core/usuarios/minhas-notificacoes/
WARNING 2025-12-20 15:09:26,354 log 9648 9676 Forbidden: /api/v1/core/usuarios/minhas-notificacoes/
WARNING 2025-12-20 15:10:06,847 log 9648 55480 Forbidden: /api/v1/core/usuarios/minhas-notificacoes/
WARNING 2025-12-20 15:10:26,368 log 9648 9676 Forbidden: /api/v1/core/usuarios/minhas-notificacoes/
WARNING 2025-12-20 15:11:07,006 log 9648 55480 Forbidden: /api/v1/core/usuarios/minhas-notificacoes/
WARNING 2025-12-20 15:12:06,843 log 9648 55480 Forbidden: /api/v1/core/usuarios/minhas-notificacoes/
WARNING 2025-12-20 15:13:06,840 log 9648 55480 Forbidden: /api/v1/core/usuarios/minhas-notificacoes/
WARNING 2025-12-20 15:14:06,858 log 9648 55480 Forbidden: /api/v1/core/usuarios/minhas-notificacoes/
WARNING 2025-12-20 15:15:06,846 log 9648 55480 Forbidden: /api/v1/core/usuarios/minhas-notificacoes/
WARNING 2025-12-20 15:16:06,842 log 9648 55480 Forbidden: /api/v1/core/usuarios/minhas-notificacoes/
WARNING 2025-12-20 15:17:06,835 log 9648 55480 Forbidden: /api/v1/core/usuarios/minhas-notificacoes/
WARNING 2025-12-20 15:18:06,850 log 9648 55480 Forbidden: /api/v1/core/usuarios/minhas-notificacoes/
WARNING 2025-12-20 15:19:06,858 log 9648 55480 Forbidden: /api/v1/core/usuarios/minhas-notificacoes/
WARNING 2025-12-20 15:20:06,855 log 9648 55480 Forbidden: /api/v1/core/usuarios/minhas-notificacoes/
WARNING 2025-12-20 15:21:06,846 log 9648 55480 Forbidden: /api/v1/core/usuarios/minhas-notificacoes/
WARNING 2025-12-20 15:22:07,167 log 35260 15560 Forbidden: /api/v1/core/usuarios/minhas-notificacoes/
WARNING 2025-12-20 15:26:07,164 log 59732 35780 Forbidden: /api/v1/core/usuarios/minhas-notificacoes/
WARNING 2025-12-20 15:27:06,865 log 59732 35780 Forbidden: /api/v1/core/usuarios/minhas-notificacoes/
WARNING 2025-12-20 15:28:06,845 log 59732 35780 Forbidden: /api/v1/core/usuarios/minhas-notificacoes/
WARNING 2025-12-20 15:29:07,144 log 40180 47904 Forbidden: /api/v1/core/usuarios/minhas-notificacoes/
WARNING 2025-12-20 15:30:06,846 log 40180 47904 Forbidden: /api/v1/core/usuarios/minhas-notificacoes/
WARNING 2025-12-20 15:31:06,845 log 40180 47904 Forbidden: /api/v1/core/usuarios/minhas-notificacoes/
WARNING 2025-12-20 15:32:06,840 log 40180 47904 Forbidden: /api/v1/core/usuarios/minhas-notificacoes/
WARNING 2025-12-20 15:33:07,155 log 40180 24856 Forbidden: /api/v1/core/usuarios/minhas-notificacoes/
WARNING 2025-12-20 15:34:10,884 log 40180 24856 Forbidden: /api/v1/core/usuarios/minhas-notificacoes/
WARNING 2025-12-20 15:35:06,865 log 40180 24856 Forbidden: /api/v1/core/usuarios/minhas-notificacoes/
WARNING 2025-12-20 15:36:06,868 log 40180 24856 Forbidden: /api/v1/core/usuarios/minhas-notificacoes/
WARNING 2025-12-20 15:37:07,109 log 40180 24856 Forbidden: /api/v1/core/usuarios/minhas-notificacoes/
WARNING 2025-12-20 15:38:07,170 log 3032 29680 Forbidden: /api/v1/core/usuarios/minhas-notificacoes/
WARNING 2025-12-20 15:39:06,856 log 3032 29680 Forbidden: /api/v1/core/usuarios/minhas-notificacoes/
WARNING 2025-12-20 15:40:06,859 log 3032 29680 Forbidden: /api/v1/core/usuarios/minhas-notificacoes/
WARNING 2025-12-20 15:41:06,862 log 3032 29680 Forbidden: /api/v1/core/usuarios/minhas-notificacoes/
WARNING 2025-12-20 15:42:06,849 log 3032 29680 Forbidden: /api/v1/core/usuarios/minhas-notificacoes/
WARNING 2025-12-20 15:43:06,857 log 3032 29680 Forbidden: /api/v1/core/usuarios/minhas-notificacoes/
WARNING 2025-12-20 15:44:06,879 log 3032 29680 Forbidden: /api/v1/core/usuarios/minhas-notificacoes/
WARNING 2025-12-20 15:45:06,851 log 3032 29680 Forbidden: /api/v1/core/usuarios/minhas-notificacoes/
WARNING 2025-12-20 15:46:06,856 log 3032 29680 Forbidden: /api/v1/core/usuarios/minhas-notificacoes/
WARNING 2025-12-20 15:47:06,860 log 3032 29680 Forbidden: /api/v1/core/usuarios/minhas-notificacoes/
WARNING 2025-12-20 15:48:06,840 log 3032 29680 Forbidden: /api/v1/core/usuarios/minhas-notificacoes/
WARNING 2025-12-20 15:49:06,861 log 3032 29680 Forbidden: /api/v1/core/usuarios/minhas-notificacoes/
WARNING 2025-12-20 15:50:06,877 log 3032 29680 Forbidden: /api/v1/core/usuarios/minhas-notificacoes/
WARNING 2025-12-20 15:51:06,879 log 3032 29680 Forbidden: /api/v1/core/usuarios/minhas-notificacoes/
WARNING 2025-12-20 15:52:02,984 log 3032 61912 Bad Request: /api/v1/vistorias/vistorias/7/
WARNING 2025-12-20 15:52:06,857 log 3032 29680 Forbidden: /api/v1/core/usuarios/minhas-notificacoes/
WARNING 2025-12-20 15:52:23,591 log 3032 61912 Bad Request: /api/v1/vistorias/vistorias/7/
WARNING 2025-12-20 15:52:27,928 log 3032 61912 Bad Request: /api/v1/vistorias/vistorias/7/
WARNING 2025-12-20 15:52:32,428 log 3032 61912 Bad Request: /api/v1/vistorias/vistorias/7/
WARNING 2025-12-20 15:52:36,539 log 3032 61912 Bad Request: /api/v1/vistorias/vistorias/7/
WARNING 2025-12-20 15:53:06,890 log 3032 29680 Forbidden: /api/v1/core/usuarios/minhas-notificacoes/
WARNING 2025-12-20 15:54:06,881 log 3032 29680 Forbidden: /api/v1/core/usuarios/minhas-notificacoes/
WARNING 2025-12-20 15:54:29,743 log 3032 61912 Bad Request: /api/v1/vistorias/vistorias/7/
WARNING 2025-12-20 15:55:02,921 log 3032 61912 Bad Request: /api/v1/vistorias/vistorias/7/
WARNING 2025-12-20 15:55:06,855 log 3032 29680 Forbidden: /api/v1/core/usuarios/minhas-notificacoes/
WARNING 2025-12-20 15:55:41,790 log 43616 21112 Bad Request: /api/v1/vistorias/vistorias/7/
WARNING 2025-12-20 15:56:07,191 log 43616 42332 Forbidden: /api/v1/core/usuarios/minhas-notificacoes/
WARNING 2025-12-20 15:57:06,854 log 43616 42332 Forbidden: /api/v1/core/usuarios/minhas-notificacoes/
WARNING 2025-12-20 15:58:06,862 log 43616 42332 Forbidden: /api/v1/core/usuarios/minhas-notificacoes/
ERROR 2025-12-20 15:59:02,187 log 43616 53416 Internal Server Error: /api/v1/vistorias/vistorias/7/gerar-laudo/
WARNING 2025-12-20 15:59:10,557 log 43616 42332 Forbidden: /api/v1/core/usuarios/minhas-notificacoes/
WARNING 2025-12-20 16:00:06,884 log 43616 42332 Forbidden: /api/v1/core/usuarios/minhas-notificacoes/
WARNING 2025-12-20 16:01:06,861 log 43616 42332 Forbidden: /api/v1/core/usuarios/minhas-notificacoes/
ERROR 2025-12-20 16:02:49,448 log 124 41532 Internal Server Error: /api/v1/vistorias/vistorias/7/gerar-laudo/
WARNING 2025-12-20 16:03:07,159 log 124 51284 Forbidden: /api/v1/core/usuarios/minhas-notificacoes/
WARNING 2025-12-20 16:04:06,891 log 124 51284 Forbidden: /api/v1/core/usuarios/minhas-notificacoes/
WARNING 2025-12-20 16:05:06,891 log 124 51284 Forbidden: /api/v1/core/usuarios/minhas-notificacoes/
WARNING 2025-12-20 16:06:06,849 log 124 51284 Forbidden: /api/v1/core/usuarios/minhas-notificacoes/
WARNING 2025-12-20 16:07:06,863 log 124 51284 Forbidden: /api/v1/core/usuarios/minhas-notificacoes/
WARNING 2025-12-20 16:08:06,852 log 124 51284 Forbidden: /api/v1/core/usuarios/minhas-notificacoes/
WARNING 2025-12-20 16:09:06,835 log 124 51284 Forbidden: /api/v1/core/usuarios/minhas-notificacoes/
WARNING 2025-12-20 16:10:06,871 log 124 51284 Forbidden: /api/v1/core/usuarios/minhas-notificacoes/
WARNING 2025-12-20 16:11:06,855 log 124 51284 Forbidden: /api/v1/core/usuarios/minhas-notificacoes/
WARNING 2025-12-20 16:11:41,626 log 124 41532 Forbidden: /api/v1/core/usuarios/minhas-notificacoes/
WARNING 2025-12-20 16:11:43,683 log 124 41532 Forbidden: /api/v1/stats/
WARNING 2025-12-20 16:11:43,688 log 124 37988 Forbidden: /api/v1/financeiro/transacoes/stats/
WARNING 2025-12-20 16:11:43,690 log 124 23732 Forbidden: /api/v1/alugueis/dashboard-stats/
WARNING 2025-12-20 16:12:06,860 log 124 51284 Forbidden: /api/v1/core/usuarios/minhas-notificacoes/
WARNING 2025-12-20 16:12:41,752 log 124 37988 Forbidden: /api/v1/core/usuarios/minhas-notificacoes/
WARNING 2025-12-20 16:13:06,870 log 124 51284 Forbidden: /api/v1/core/usuarios/minhas-notificacoes/
WARNING 2025-12-20 16:13:41,754 log 124 37988 Forbidden: /api/v1/core/usuarios/minhas-notificacoes/
WARNING 2025-12-20 16:14:06,841 log 124 51284 Forbidden: /api/v1/core/usuarios/minhas-notificacoes/
WARNING 2025-12-20 16:14:41,769 log 124 37988 Forbidden: /api/v1/core/usuarios/minhas-notificacoes/
WARNING 2025-12-20 16:15:06,843 log 124 51284 Forbidden: /api/v1/core/usuarios/minhas-notificacoes/
WARNING 2025-12-20 16:15:41,782 log 124 37988 Forbidden: /api/v1/core/usuarios/minhas-notificacoes/
WARNING 2025-12-20 16:16:06,875 log 124 51284 Forbidden: /api/v1/core/usuarios/minhas-notificacoes/
WARNING 2025-12-20 16:16:41,788 log 124 37988 Forbidden: /api/v1/core/usuarios/minhas-notificacoes/
WARNING 2025-12-20 16:17:06,836 log 124 51284 Forbidden: /api/v1/core/usuarios/minhas-notificacoes/
WARNING 2025-12-20 16:17:41,800 log 124 37988 Forbidden: /api/v1/core/usuarios/minhas-notificacoes/
WARNING 2025-12-20 16:18:06,838 log 124 51284 Forbidden: /api/v1/core/usuarios/minhas-notificacoes/
WARNING 2025-12-20 16:18:41,806 log 124 37988 Forbidden: /api/v1/core/usuarios/minhas-notificacoes/
WARNING 2025-12-20 16:19:06,863 log 124 51284 Forbidden: /api/v1/core/usuarios/minhas-notificacoes/
WARNING 2025-12-20 16:19:41,813 log 124 37988 Forbidden: /api/v1/core/usuarios/minhas-notificacoes/
WARNING 2025-12-20 16:20:06,850 log 124 51284 Forbidden: /api/v1/core/usuarios/minhas-notificacoes/
WARNING 2025-12-20 16:20:41,827 log 124 37988 Forbidden: /api/v1/core/usuarios/minhas-notificacoes/
WARNING 2025-12-20 16:21:06,853 log 124 51284 Forbidden: /api/v1/core/usuarios/minhas-notificacoes/
WARNING 2025-12-20 16:21:42,714 log 124 37988 Forbidden: /api/v1/core/usuarios/minhas-notificacoes/
WARNING 2025-12-20 16:22:06,885 log 124 51284 Forbidden: /api/v1/core/usuarios/minhas-notificacoes/
WARNING 2025-12-20 16:22:42,727 log 124 37988 Forbidden: /api/v1/core/usuarios/minhas-notificacoes/
WARNING 2025-12-20 16:23:06,843 log 124 51284 Forbidden: /api/v1/core/usuarios/minhas-notificacoes/
WARNING 2025-12-20 16:23:42,737 log 124 37988 Forbidden: /api/v1/core/usuarios/minhas-notificacoes/
WARNING 2025-12-20 16:24:06,864 log 124 51284 Forbidden: /api/v1/core/usuarios/minhas-notificacoes/
WARNING 2025-12-20 16:24:42,740 log 124 37988 Forbidden: /api/v1/core/usuarios/minhas-notificacoes/
WARNING 2025-12-20 16:25:06,847 log 124 51284 Forbidden: /api/v1/core/usuarios/minhas-notificacoes/
WARNING 2025-12-20 16:25:42,746 log 124 37988 Forbidden: /api/v1/core/usuarios/minhas-notificacoes/
WARNING 2025-12-20 16:26:06,857 log 124 51284 Forbidden: /api/v1/core/usuarios/minhas-notificacoes/
WARNING 2025-12-20 16:26:42,756 log 124 37988 Forbidden: /api/v1/core/usuarios/minhas-notificacoes/
WARNING 2025-12-20 16:27:06,845 log 124 51284 Forbidden: /api/v1/core/usuarios/minhas-notificacoes/
WARNING 2025-12-20 16:27:42,757 log 124 37988 Forbidden: /api/v1/core/usuarios/minhas-notificacoes/
WARNING 2025-12-20 16:28:06,865 log 124 51284 Forbidden: /api/v1/core/usuarios/minhas-notificacoes/
WARNING 2025-12-20 16:28:42,772 log 124 37988 Forbidden: /api/v1/core/usuarios/minhas-notificacoes/
WARNING 2025-12-20 16:29:06,858 log 124 51284 Forbidden: /api/v1/core/usuarios/minhas-notificacoes/
WARNING 2025-12-20 16:29:42,775 log 124 37988 Forbidden: /api/v1/core/usuarios/minhas-notificacoes/
WARNING 2025-12-20 16:29:59,218 log 124 37988 Forbidden: /api/v1/stats/
WARNING 2025-12-20 16:29:59,405 log 124 54892 Forbidden: /api/v1/financeiro/transacoes/stats/
WARNING 2025-12-20 16:29:59,420 log 124 9656 Forbidden: /api/v1/alugueis/dashboard-stats/
WARNING 2025-12-20 16:30:06,847 log 124 51284 Forbidden: /api/v1/core/usuarios/minhas-notificacoes/
ERROR 2025-12-20 16:30:45,179 log 124 25796 Internal Server Error: /api/v1/vistorias/vistorias/7/gerar-laudo/
WARNING 2025-12-20 16:31:06,884 log 124 51284 Forbidden: /api/v1/core/usuarios/minhas-notificacoes/
WARNING 2025-12-20 16:35:31,555 util 31492 9136 getSize: Not a float '100%'
WARNING 2025-12-20 16:38:09,703 util 31288 56436 getSize: Not a float '100%'
WARNING 2025-12-20 16:52:26,635 log 47448 33244 Forbidden: /favicon.ico
WARNING 2025-12-20 17:31:14,008 log 56004 42864 Forbidden: /api/v1/core/usuarios/minhas-notificacoes/
WARNING 2025-12-20 17:31:15,711 log 56004 42864 Forbidden: /api/v1/stats/
WARNING 2025-12-20 17:31:15,714 log 56004 19540 Forbidden: /api/v1/financeiro/transacoes/stats/
WARNING 2025-12-20 17:31:15,717 log 56004 22724 Forbidden: /api/v1/alugueis/dashboard-stats/
WARNING 2025-12-20 17:32:15,544 log 56004 42864 Forbidden: /api/v1/core/usuarios/minhas-notificacoes/
WARNING 2025-12-20 17:32:32,702 log 14856 21804 Forbidden: /api/v1/financeiro/transacoes/stats/
WARNING 2025-12-20 17:32:32,709 log 14856 32084 Forbidden: /api/v1/stats/
WARNING 2025-12-20 17:32:32,711 log 14856 36612 Forbidden: /api/v1/alugueis/dashboard-stats/
WARNING 2025-12-20 17:33:22,719 log 14856 1576 Bad Request: /api/v1/vistorias/vistorias/8/
WARNING 2025-12-20 17:33:29,273 log 14856 1576 Bad Request: /api/v1/vistorias/vistorias/8/
WARNING 2025-12-20 17:35:29,425 log 17412 61384 Bad Request: /api/v1/vistorias/vistorias/8/
WARNING 2025-12-20 17:35:36,085 log 17412 54076 Bad Request: /api/v1/vistorias/vistorias/8/
WARNING 2025-12-20 17:35:42,166 log 17412 54076 Bad Request: /api/v1/vistorias/vistorias/8/
WARNING 2025-12-20 17:36:52,576 log 17412 54076 Bad Request: /api/v1/vistorias/vistorias/8/
WARNING 2025-12-20 18:56:01,166 log 1168 10124 Forbidden: /api/v1/financeiro/transacoes/stats/
WARNING 2025-12-20 18:56:01,185 log 1168 6420 Forbidden: /api/v1/stats/
WARNING 2025-12-20 18:56:01,190 log 1168 9476 Forbidden: /api/v1/alugueis/dashboard-stats/
WARNING 2025-12-20 18:56:01,191 log 1168 8124 Forbidden: /api/v1/core/usuarios/minhas-notificacoes/
WARNING 2025-12-20 18:56:09,248 log 1168 9476 Forbidden: /api/v1/alugueis/dashboard-stats/
WARNING 2025-12-20 18:56:09,250 log 1168 6420 Forbidden: /api/v1/financeiro/transacoes/stats/
WARNING 2025-12-20 18:56:09,270 log 1168 10124 Forbidden: /api/v1/stats/
WARNING 2025-12-20 18:56:11,747 log 1168 9476 Forbidden: /api/v1/clientes/
WARNING 2025-12-20 18:56:11,837 log 1168 6420 Forbidden: /api/v1/stats/
WARNING 2025-12-20 18:56:11,844 log 1168 8124 Forbidden: /api/v1/alugueis/dashboard-stats/
WARNING 2025-12-20 18:56:11,851 log 1168 10124 Forbidden: /api/v1/financeiro/transacoes/stats/
WARNING 2025-12-20 18:56:13,048 log 1168 9476 Forbidden: /api/v1/stats/
WARNING 2025-12-20 18:56:13,059 log 1168 6420 Forbidden: /api/v1/financeiro/transacoes/stats/
WARNING 2025-12-20 18:56:13,063 log 1168 8124 Forbidden: /api/v1/alugueis/dashboard-stats/
WARNING 2025-12-20 19:17:47,814 log 12840 14084 Bad Request: /api/v1/vistorias/vistorias/
WARNING 2025-12-20 19:17:51,218 log 12840 14084 Bad Request: /api/v1/vistorias/vistorias/
WARNING 2025-12-20 19:22:54,782 log 12840 14084 Bad Request: /api/v1/vistorias/vistorias/
WARNING 2025-12-21 13:08:31,479 log 12912 14280 Not Found: /api/vistorias/vistorias/
WARNING 2025-12-21 13:08:35,563 log 12912 13976 Not Found: /api/vistorias/vistorias/
WARNING 2025-12-21 13:11:14,601 log 12912 14280 Not Found: /api/vistorias/vistorias/
WARNING 2025-12-21 13:11:18,696 log 12912 14280 Not Found: /api/vistorias/vistorias/
WARNING 2025-12-21 13:12:18,213 log 12912 14280 Forbidden: /api/v1/core/usuarios/minhas-notificacoes/
WARNING 2025-12-21 13:12:18,226 log 12912 14280 Forbidden: /api/v1/core/usuarios/minhas-notificacoes/
WARNING 2025-12-21 13:13:18,224 log 12912 14280 Forbidden: /api/v1/core/usuarios/minhas-notificacoes/
WARNING 2025-12-21 13:13:18,245 log 12912 14280 Forbidden: /api/v1/core/usuarios/minhas-notificacoes/
WARNING 2025-12-21 13:14:18,227 log 12912 14280 Forbidden: /api/v1/core/usuarios/minhas-notificacoes/
WARNING 2025-12-21 13:14:18,239 log 12912 14280 Forbidden: /api/v1/core/usuarios/minhas-notificacoes/
WARNING 2025-12-21 13:15:04,425 log 12912 14280 Forbidden: /api/v1/stats/
WARNING 2025-12-21 13:15:04,447 log 12912 13820 Forbidden: /api/v1/financeiro/transacoes/stats/
WARNING 2025-12-21 13:15:04,460 log 12912 13976 Forbidden: /api/v1/alugueis/dashboard-stats/
WARNING 2025-12-21 13:15:05,401 log 12912 13820 Forbidden: /api/v1/financeiro/transacoes/stats/
WARNING 2025-12-21 13:15:05,405 log 12912 13976 Forbidden: /api/v1/stats/
WARNING 2025-12-21 13:15:05,416 log 12912 14280 Forbidden: /api/v1/alugueis/dashboard-stats/
WARNING 2025-12-21 13:15:23,656 log 12912 13820 Not Found: /api/vistorias/vistorias/
WARNING 2025-12-21 13:20:33,994 log 12912 14280 Not Found: /api/vistorias/vistorias/
WARNING 2025-12-21 14:15:18,212 log 12912 12528 Forbidden: /api/v1/core/usuarios/minhas-notificacoes/
WARNING 2025-12-21 14:16:18,227 log 12912 12528 Forbidden: /api/v1/core/usuarios/minhas-notificacoes/
WARNING 2025-12-21 14:17:18,229 log 12912 12528 Forbidden: /api/v1/core/usuarios/minhas-notificacoes/
WARNING 2025-12-21 14:18:18,228 log 12912 12528 Forbidden: /api/v1/core/usuarios/minhas-notificacoes/
WARNING 2025-12-21 14:19:18,238 log 12912 12528 Forbidden: /api/v1/core/usuarios/minhas-notificacoes/
WARNING 2025-12-21 14:20:18,209 log 12912 12528 Forbidden: /api/v1/core/usuarios/minhas-notificacoes/
WARNING 2025-12-21 14:21:18,217 log 12912 12528 Forbidden: /api/v1/core/usuarios/minhas-notificacoes/
WARNING 2025-12-21 14:22:18,232 log 12912 12528 Forbidden: /api/v1/core/usuarios/minhas-notificacoes/
WARNING 2025-12-21 14:23:18,218 log 12912 12528 Forbidden: /api/v1/core/usuarios/minhas-notificacoes/
WARNING 2025-12-21 14:24:18,221 log 12912 12528 Forbidden: /api/v1/core/usuarios/minhas-notificacoes/
WARNING 2025-12-21 14:25:18,224 log 12912 12528 Forbidden: /api/v1/core/usuarios/minhas-notificacoes/
WARNING 2025-12-21 14:26:18,225 log 12912 12528 Forbidden: /api/v1/core/usuarios/minhas-notificacoes/
WARNING 2025-12-21 14:27:18,234 log 12912 12528 Forbidden: /api/v1/core/usuarios/minhas-notificacoes/
WARNING 2025-12-21 14:28:18,244 log 12912 12528 Forbidden: /api/v1/core/usuarios/minhas-notificacoes/
WARNING 2025-12-21 14:29:18,257 log 12912 12528 Forbidden: /api/v1/core/usuarios/minhas-notificacoes/
WARNING 2025-12-21 14:30:18,516 log 12912 14404 Forbidden: /api/v1/core/usuarios/minhas-notificacoes/
WARNING 2025-12-21 14:31:18,219 log 12912 14404 Forbidden: /api/v1/core/usuarios/minhas-notificacoes/
WARNING 2025-12-21 14:32:18,219 log 12912 14404 Forbidden: /api/v1/core/usuarios/minhas-notificacoes/
WARNING 2025-12-21 14:33:18,219 log 12912 14404 Forbidden: /api/v1/core/usuarios/minhas-notificacoes/
WARNING 2025-12-21 14:34:18,216 log 12912 14404 Forbidden: /api/v1/core/usuarios/minhas-notificacoes/
WARNING 2025-12-21 14:35:18,212 log 12912 14404 Forbidden: /api/v1/core/usuarios/minhas-notificacoes/
WARNING 2025-12-21 14:36:18,229 log 12912 14404 Forbidden: /api/v1/core/usuarios/minhas-notificacoes/
WARNING 2025-12-21 14:37:18,202 log 12912 14404 Forbidden: /api/v1/core/usuarios/minhas-notificacoes/
WARNING 2025-12-21 14:38:18,212 log 12912 14404 Forbidden: /api/v1/core/usuarios/minhas-notificacoes/
WARNING 2025-12-21 14:39:18,221 log 12912 14404 Forbidden: /api/v1/core/usuarios/minhas-notificacoes/
WARNING 2025-12-21 14:40:18,205 log 12912 14404 Forbidden: /api/v1/core/usuarios/minhas-notificacoes/
WARNING 2025-12-21 14:41:18,223 log 12912 14404 Forbidden: /api/v1/core/usuarios/minhas-notificacoes/
WARNING 2025-12-21 14:42:18,226 log 12912 14404 Forbidden: /api/v1/core/usuarios/minhas-notificacoes/
WARNING 2025-12-21 14:43:18,225 log 12912 14404 Forbidden: /api/v1/core/usuarios/minhas-notificacoes/
WARNING 2025-12-21 14:44:18,218 log 12912 14404 Forbidden: /api/v1/core/usuarios/minhas-notificacoes/
WARNING 2025-12-21 14:45:18,225 log 12912 14404 Forbidden: /api/v1/core/usuarios/minhas-notificacoes/
WARNING 2025-12-21 14:46:18,235 log 12912 14404 Forbidden: /api/v1/core/usuarios/minhas-notificacoes/
WARNING 2025-12-21 14:47:18,213 log 12912 14404 Forbidden: /api/v1/core/usuarios/minhas-notificacoes/
WARNING 2025-12-21 14:48:18,219 log 12912 14404 Forbidden: /api/v1/core/usuarios/minhas-notificacoes/
WARNING 2025-12-21 14:49:18,228 log 12912 14404 Forbidden: /api/v1/core/usuarios/minhas-notificacoes/
WARNING 2025-12-21 14:50:18,232 log 12912 14404 Forbidden: /api/v1/core/usuarios/minhas-notificacoes/
WARNING 2025-12-21 14:51:18,221 log 12912 14404 Forbidden: /api/v1/core/usuarios/minhas-notificacoes/
WARNING 2025-12-21 14:52:18,208 log 12912 14404 Forbidden: /api/v1/core/usuarios/minhas-notificacoes/
WARNING 2025-12-21 14:53:18,225 log 12912 14404 Forbidden: /api/v1/core/usuarios/minhas-notificacoes/
WARNING 2025-12-21 14:54:18,213 log 12912 14404 Forbidden: /api/v1/core/usuarios/minhas-notificacoes/
WARNING 2025-12-21 14:55:18,239 log 12912 14404 Forbidden: /api/v1/core/usuarios/minhas-notificacoes/
WARNING 2025-12-21 14:56:18,216 log 12912 14404 Forbidden: /api/v1/core/usuarios/minhas-notificacoes/
WARNING 2025-12-21 14:57:18,207 log 12912 14404 Forbidden: /api/v1/core/usuarios/minhas-notificacoes/
WARNING 2025-12-21 14:58:18,269 log 12912 14404 Forbidden: /api/v1/core/usuarios/minhas-notificacoes/
WARNING 2025-12-21 14:59:18,232 log 12912 14404 Forbidden: /api/v1/core/usuarios/minhas-notificacoes/
WARNING 2025-12-21 15:00:18,533 log 12912 13740 Forbidden: /api/v1/core/usuarios/minhas-notificacoes/
WARNING 2025-12-21 15:01:18,241 log 12912 13740 Forbidden: /api/v1/core/usuarios/minhas-notificacoes/
WARNING 2025-12-21 15:02:18,216 log 12912 13740 Forbidden: /api/v1/core/usuarios/minhas-notificacoes/
WARNING 2025-12-21 15:03:18,212 log 12912 13740 Forbidden: /api/v1/core/usuarios/minhas-notificacoes/
WARNING 2025-12-21 15:04:18,214 log 12912 13740 Forbidden: /api/v1/core/usuarios/minhas-notificacoes/
WARNING 2025-12-21 15:05:18,228 log 12912 13740 Forbidden: /api/v1/core/usuarios/minhas-notificacoes/
WARNING 2025-12-21 15:06:18,227 log 12912 13740 Forbidden: /api/v1/core/usuarios/minhas-notificacoes/
WARNING 2025-12-21 15:07:18,212 log 12912 13740 Forbidden: /api/v1/core/usuarios/minhas-notificacoes/
WARNING 2025-12-21 15:08:18,212 log 12912 13740 Forbidden: /api/v1/core/usuarios/minhas-notificacoes/
WARNING 2025-12-21 15:09:18,228 log 12912 13740 Forbidden: /api/v1/core/usuarios/minhas-notificacoes/
WARNING 2025-12-21 15:10:18,234 log 12912 13740 Forbidden: /api/v1/core/usuarios/minhas-notificacoes/
WARNING 2025-12-21 15:11:18,217 log 12912 13740 Forbidden: /api/v1/core/usuarios/minhas-notificacoes/
WARNING 2025-12-21 15:12:18,226 log 12912 13740 Forbidden: /api/v1/core/usuarios/minhas-notificacoes/
WARNING 2025-12-21 15:13:18,208 log 12912 13740 Forbidden: /api/v1/core/usuarios/minhas-notificacoes/
WARNING 2025-12-21 15:14:18,239 log 12912 13740 Forbidden: /api/v1/core/usuarios/minhas-notificacoes/
WARNING 2025-12-21 15:15:18,227 log 12912 13740 Forbidden: /api/v1/core/usuarios/minhas-notificacoes/
WARNING 2025-12-21 15:16:18,214 log 12912 13740 Forbidden: /api/v1/core/usuarios/minhas-notificacoes/
WARNING 2025-12-21 15:17:18,213 log 12912 13740 Forbidden: /api/v1/core/usuarios/minhas-notificacoes/
WARNING 2025-12-21 15:18:18,222 log 12912 13740 Forbidden: /api/v1/core/usuarios/minhas-notificacoes/
WARNING 2025-12-21 15:19:18,217 log 12912 13740 Forbidden: /api/v1/core/usuarios/minhas-notificacoes/
WARNING 2025-12-21 15:20:18,214 log 12912 13740 Forbidden: /api/v1/core/usuarios/minhas-notificacoes/
WARNING 2025-12-21 15:21:18,216 log 12912 13740 Forbidden: /api/v1/core/usuarios/minhas-notificacoes/
WARNING 2025-12-21 15:22:18,234 log 12912 13740 Forbidden: /api/v1/core/usuarios/minhas-notificacoes/
WARNING 2025-12-21 15:23:18,219 log 12912 13740 Forbidden: /api/v1/core/usuarios/minhas-notificacoes/
WARNING 2025-12-21 15:24:18,222 log 12912 13740 Forbidden: /api/v1/core/usuarios/minhas-notificacoes/
WARNING 2025-12-21 15:25:18,222 log 12912 13740 Forbidden: /api/v1/core/usuarios/minhas-notificacoes/
WARNING 2025-12-21 15:26:18,212 log 12912 13740 Forbidden: /api/v1/core/usuarios/minhas-notificacoes/
WARNING 2025-12-21 15:27:18,220 log 12912 13740 Forbidden: /api/v1/core/usuarios/minhas-notificacoes/
WARNING 2025-12-21 15:28:18,220 log 12912 13740 Forbidden: /api/v1/core/usuarios/minhas-notificacoes/
WARNING 2025-12-21 15:29:18,218 log 12912 13740 Forbidden: /api/v1/core/usuarios/minhas-notificacoes/
WARNING 2025-12-21 15:30:18,539 log 12912 14456 Forbidden: /api/v1/core/usuarios/minhas-notificacoes/
WARNING 2025-12-21 15:31:18,238 log 12912 14456 Forbidden: /api/v1/core/usuarios/minhas-notificacoes/
WARNING 2025-12-21 15:32:18,233 log 12912 14456 Forbidden: /api/v1/core/usuarios/minhas-notificacoes/
WARNING 2025-12-21 15:33:18,218 log 12912 14456 Forbidden: /api/v1/core/usuarios/minhas-notificacoes/
WARNING 2025-12-21 15:34:18,207 log 12912 14456 Forbidden: /api/v1/core/usuarios/minhas-notificacoes/
WARNING 2025-12-21 15:35:18,211 log 12912 14456 Forbidden: /api/v1/core/usuarios/minhas-notificacoes/
WARNING 2025-12-21 15:36:18,222 log 12912 14456 Forbidden: /api/v1/core/usuarios/minhas-notificacoes/
WARNING 2025-12-21 15:37:18,231 log 12912 14456 Forbidden: /api/v1/core/usuarios/minhas-notificacoes/
WARNING 2025-12-21 15:38:18,208 log 12912 14456 Forbidden: /api/v1/core/usuarios/minhas-notificacoes/
WARNING 2025-12-21 15:39:18,222 log 12912 14456 Forbidden: /api/v1/core/usuarios/minhas-notificacoes/
WARNING 2025-12-21 15:40:18,214 log 12912 14456 Forbidden: /api/v1/core/usuarios/minhas-notificacoes/
WARNING 2025-12-21 15:41:18,226 log 12912 14456 Forbidden: /api/v1/core/usuarios/minhas-notificacoes/
WARNING 2025-12-21 15:42:18,224 log 12912 14456 Forbidden: /api/v1/core/usuarios/minhas-notificacoes/
WARNING 2025-12-21 15:43:18,228 log 12912 14456 Forbidden: /api/v1/core/usuarios/minhas-notificacoes/
WARNING 2025-12-21 15:44:18,229 log 12912 14456 Forbidden: /api/v1/core/usuarios/minhas-notificacoes/
WARNING 2025-12-21 15:45:18,234 log 12912 14456 Forbidden: /api/v1/core/usuarios/minhas-notificacoes/
WARNING 2025-12-21 15:46:18,213 log 12912 14456 Forbidden: /api/v1/core/usuarios/minhas-notificacoes/
WARNING 2025-12-21 15:47:18,227 log 12912 14456 Forbidden: /api/v1/core/usuarios/minhas-notificacoes/
WARNING 2025-12-21 15:48:18,225 log 12912 14456 Forbidden: /api/v1/core/usuarios/minhas-notificacoes/
WARNING 2025-12-21 15:49:18,209 log 12912 14456 Forbidden: /api/v1/core/usuarios/minhas-notificacoes/
WARNING 2025-12-21 15:50:18,214 log 12912 14456 Forbidden: /api/v1/core/usuarios/minhas-notificacoes/
WARNING 2025-12-21 15:51:18,206 log 12912 14456 Forbidden: /api/v1/core/usuarios/minhas-notificacoes/
WARNING 2025-12-21 15:52:18,220 log 12912 14456 Forbidden: /api/v1/core/usuarios/minhas-notificacoes/
WARNING 2025-12-21 15:53:18,221 log 12912 14456 Forbidden: /api/v1/core/usuarios/minhas-notificacoes/
WARNING 2025-12-21 15:54:18,231 log 12912 14456 Forbidden: /api/v1/core/usuarios/minhas-notificacoes/
WARNING 2025-12-21 15:55:18,223 log 12912 14456 Forbidden: /api/v1/core/usuarios/minhas-notificacoes/
WARNING 2025-12-21 15:56:18,224 log 12912 14456 Forbidden: /api/v1/core/usuarios/minhas-notificacoes/
WARNING 2025-12-21 15:57:18,229 log 12912 14456 Forbidden: /api/v1/core/usuarios/minhas-notificacoes/
WARNING 2025-12-21 15:58:18,220 log 12912 14456 Forbidden: /api/v1/core/usuarios/minhas-notificacoes/
WARNING 2025-12-21 15:59:18,226 log 12912 14456 Forbidden: /api/v1/core/usuarios/minhas-notificacoes/
WARNING 2025-12-21 16:00:18,534 log 12912 2900 Forbidden: /api/v1/core/usuarios/minhas-notificacoes/
WARNING 2025-12-21 16:01:18,218 log 12912 2900 Forbidden: /api/v1/core/usuarios/minhas-notificacoes/
WARNING 2025-12-21 16:02:18,237 log 12912 2900 Forbidden: /api/v1/core/usuarios/minhas-notificacoes/
WARNING 2025-12-21 16:03:18,218 log 12912 2900 Forbidden: /api/v1/core/usuarios/minhas-notificacoes/
WARNING 2025-12-21 16:04:18,221 log 12912 2900 Forbidden: /api/v1/core/usuarios/minhas-notificacoes/
WARNING 2025-12-21 16:05:18,215 log 12912 2900 Forbidden: /api/v1/core/usuarios/minhas-notificacoes/
WARNING 2025-12-21 16:06:18,243 log 12912 2900 Forbidden: /api/v1/core/usuarios/minhas-notificacoes/
WARNING 2025-12-21 16:07:18,234 log 12912 2900 Forbidden: /api/v1/core/usuarios/minhas-notificacoes/
WARNING 2025-12-21 16:08:18,222 log 12912 2900 Forbidden: /api/v1/core/usuarios/minhas-notificacoes/
WARNING 2025-12-21 16:09:18,227 log 12912 2900 Forbidden: /api/v1/core/usuarios/minhas-notificacoes/
WARNING 2025-12-21 16:10:18,215 log 12912 2900 Forbidden: /api/v1/core/usuarios/minhas-notificacoes/
WARNING 2025-12-21 16:11:18,229 log 12912 2900 Forbidden: /api/v1/core/usuarios/minhas-notificacoes/
WARNING 2025-12-21 16:12:18,230 log 12912 2900 Forbidden: /api/v1/core/usuarios/minhas-notificacoes/
WARNING 2025-12-21 16:13:18,214 log 12912 2900 Forbidden: /api/v1/core/usuarios/minhas-notificacoes/
WARNING 2025-12-21 16:14:18,221 log 12912 2900 Forbidden: /api/v1/core/usuarios/minhas-notificacoes/
WARNING 2025-12-21 16:15:18,229 log 12912 2900 Forbidden: /api/v1/core/usuarios/minhas-notificacoes/
WARNING 2025-12-21 16:16:18,217 log 12912 2900 Forbidden: /api/v1/core/usuarios/minhas-notificacoes/
WARNING 2025-12-21 16:17:18,227 log 12912 2900 Forbidden: /api/v1/core/usuarios/minhas-notificacoes/
WARNING 2025-12-21 16:18:18,230 log 12912 2900 Forbidden: /api/v1/core/usuarios/minhas-notificacoes/
WARNING 2025-12-21 16:19:18,226 log 12912 2900 Forbidden: /api/v1/core/usuarios/minhas-notificacoes/
WARNING 2025-12-21 16:20:18,224 log 12912 2900 Forbidden: /api/v1/core/usuarios/minhas-notificacoes/
WARNING 2025-12-21 16:21:18,217 log 12912 2900 Forbidden: /api/v1/core/usuarios/minhas-notificacoes/
WARNING 2025-12-21 16:22:18,227 log 12912 2900 Forbidden: /api/v1/core/usuarios/minhas-notificacoes/
WARNING 2025-12-21 16:23:18,233 log 12912 2900 Forbidden: /api/v1/core/usuarios/minhas-notificacoes/
WARNING 2025-12-21 16:24:18,216 log 12912 2900 Forbidden: /api/v1/core/usuarios/minhas-notificacoes/
WARNING 2025-12-21 16:25:18,233 log 12912 2900 Forbidden: /api/v1/core/usuarios/minhas-notificacoes/
WARNING 2025-12-21 16:26:18,207 log 12912 2900 Forbidden: /api/v1/core/usuarios/minhas-notificacoes/
WARNING 2025-12-21 16:27:18,208 log 12912 2900 Forbidden: /api/v1/core/usuarios/minhas-notificacoes/
WARNING 2025-12-21 16:28:18,210 log 12912 2900 Forbidden: /api/v1/core/usuarios/minhas-notificacoes/
WARNING 2025-12-21 16:29:18,229 log 12912 2900 Forbidden: /api/v1/core/usuarios/minhas-notificacoes/
WARNING 2025-12-21 16:30:18,543 log 12912 3204 Forbidden: /api/v1/core/usuarios/minhas-notificacoes/
WARNING 2025-12-21 16:31:18,221 log 12912 3204 Forbidden: /api/v1/core/usuarios/minhas-notificacoes/
WARNING 2025-12-21 16:32:18,213 log 12912 3204 Forbidden: /api/v1/core/usuarios/minhas-notificacoes/
WARNING 2025-12-21 16:33:18,222 log 12912 3204 Forbidden: /api/v1/core/usuarios/minhas-notificacoes/
WARNING 2025-12-21 16:34:18,209 log 12912 3204 Forbidden: /api/v1/core/usuarios/minhas-notificacoes/
WARNING 2025-12-21 16:35:18,221 log 12912 3204 Forbidden: /api/v1/core/usuarios/minhas-notificacoes/
WARNING 2025-12-21 16:36:18,227 log 12912 3204 Forbidden: /api/v1/core/usuarios/minhas-notificacoes/
WARNING 2025-12-21 16:37:18,231 log 12912 3204 Forbidden: /api/v1/core/usuarios/minhas-notificacoes/
WARNING 2025-12-21 16:38:18,219 log 12912 3204 Forbidden: /api/v1/core/usuarios/minhas-notificacoes/
WARNING 2025-12-21 16:39:18,219 log 12912 3204 Forbidden: /api/v1/core/usuarios/minhas-notificacoes/
WARNING 2025-12-21 16:40:18,207 log 12912 3204 Forbidden: /api/v1/core/usuarios/minhas-notificacoes/
WARNING 2025-12-21 16:41:18,227 log 12912 3204 Forbidden: /api/v1/core/usuarios/minhas-notificacoes/
WARNING 2025-12-21 16:42:18,216 log 12912 3204 Forbidden: /api/v1/core/usuarios/minhas-notificacoes/
WARNING 2025-12-21 16:43:18,220 log 12912 3204 Forbidden: /api/v1/core/usuarios/minhas-notificacoes/
WARNING 2025-12-21 16:44:18,221 log 12912 3204 Forbidden: /api/v1/core/usuarios/minhas-notificacoes/
WARNING 2025-12-21 16:45:18,232 log 12912 3204 Forbidden: /api/v1/core/usuarios/minhas-notificacoes/
WARNING 2025-12-21 16:46:18,256 log 12912 3204 Forbidden: /api/v1/core/usuarios/minhas-notificacoes/
WARNING 2025-12-21 16:47:18,211 log 12912 3204 Forbidden: /api/v1/core/usuarios/minhas-notificacoes/
WARNING 2025-12-21 16:48:18,232 log 12912 3204 Forbidden: /api/v1/core/usuarios/minhas-notificacoes/
WARNING 2025-12-21 16:49:18,226 log 12912 3204 Forbidden: /api/v1/core/usuarios/minhas-notificacoes/
WARNING 2025-12-21 16:50:18,209 log 12912 3204 Forbidden: /api/v1/core/usuarios/minhas-notificacoes/
WARNING 2025-12-21 16:51:18,215 log 12912 3204 Forbidden: /api/v1/core/usuarios/minhas-notificacoes/
WARNING 2025-12-21 16:52:18,216 log 12912 3204 Forbidden: /api/v1/core/usuarios/minhas-notificacoes/
WARNING 2025-12-21 16:53:18,235 log 12912 3204 Forbidden: /api/v1/core/usuarios/minhas-notificacoes/
WARNING 2025-12-21 16:54:18,243 log 12912 3204 Forbidden: /api/v1/core/usuarios/minhas-notificacoes/
WARNING 2025-12-21 16:55:18,219 log 12912 3204 Forbidden: /api/v1/core/usuarios/minhas-notificacoes/
WARNING 2025-12-21 16:56:18,230 log 12912 3204 Forbidden: /api/v1/core/usuarios/minhas-notificacoes/
WARNING 2025-12-21 16:57:18,213 log 12912 3204 Forbidden: /api/v1/core/usuarios/minhas-notificacoes/
WARNING 2025-12-21 16:58:18,211 log 12912 3204 Forbidden: /api/v1/core/usuarios/minhas-notificacoes/
WARNING 2025-12-21 16:59:18,228 log 12912 3204 Forbidden: /api/v1/core/usuarios/minhas-notificacoes/
WARNING 2025-12-21 17:00:18,526 log 12912 5244 Forbidden: /api/v1/core/usuarios/minhas-notificacoes/
WARNING 2025-12-21 17:01:18,525 log 12912 10604 Forbidden: /api/v1/core/usuarios/minhas-notificacoes/
WARNING 2025-12-21 17:02:18,232 log 12912 10604 Forbidden: /api/v1/core/usuarios/minhas-notificacoes/
WARNING 2025-12-21 17:03:18,226 log 12912 10604 Forbidden: /api/v1/core/usuarios/minhas-notificacoes/
WARNING 2025-12-21 17:04:18,215 log 12912 10604 Forbidden: /api/v1/core/usuarios/minhas-notificacoes/
WARNING 2025-12-21 17:05:18,218 log 12912 10604 Forbidden: /api/v1/core/usuarios/minhas-notificacoes/
WARNING 2025-12-21 17:06:18,225 log 12912 10604 Forbidden: /api/v1/core/usuarios/minhas-notificacoes/
WARNING 2025-12-21 17:07:18,215 log 12912 10604 Forbidden: /api/v1/core/usuarios/minhas-notificacoes/
WARNING 2025-12-21 17:08:18,218 log 12912 10604 Forbidden: /api/v1/core/usuarios/minhas-notificacoes/
WARNING 2025-12-21 17:09:18,223 log 12912 10604 Forbidden: /api/v1/core/usuarios/minhas-notificacoes/
WARNING 2025-12-21 17:10:18,221 log 12912 10604 Forbidden: /api/v1/core/usuarios/minhas-notificacoes/
WARNING 2025-12-21 17:11:18,218 log 12912 10604 Forbidden: /api/v1/core/usuarios/minhas-notificacoes/
WARNING 2025-12-21 17:12:18,231 log 12912 10604 Forbidden: /api/v1/core/usuarios/minhas-notificacoes/
WARNING 2025-12-21 17:13:18,216 log 12912 10604 Forbidden: /api/v1/core/usuarios/minhas-notificacoes/
WARNING 2025-12-21 17:14:18,212 log 12912 10604 Forbidden: /api/v1/core/usuarios/minhas-notificacoes/
WARNING 2025-12-21 17:15:18,217 log 12912 10604 Forbidden: /api/v1/core/usuarios/minhas-notificacoes/
WARNING 2025-12-21 17:16:18,239 log 12912 10604 Forbidden: /api/v1/core/usuarios/minhas-notificacoes/
WARNING 2025-12-21 17:17:18,251 log 12912 10604 Forbidden: /api/v1/core/usuarios/minhas-notificacoes/
WARNING 2025-12-21 17:18:18,216 log 12912 10604 Forbidden: /api/v1/core/usuarios/minhas-notificacoes/
WARNING 2025-12-21 17:19:18,224 log 12912 10604 Forbidden: /api/v1/core/usuarios/minhas-notificacoes/
WARNING 2025-12-21 17:20:18,199 log 12912 10604 Forbidden: /api/v1/core/usuarios/minhas-notificacoes/
WARNING 2025-12-21 17:21:18,206 log 12912 10604 Forbidden: /api/v1/core/usuarios/minhas-notificacoes/
WARNING 2025-12-21 17:22:18,226 log 12912 10604 Forbidden: /api/v1/core/usuarios/minhas-notificacoes/
WARNING 2025-12-21 17:23:18,216 log 12912 10604 Forbidden: /api/v1/core/usuarios/minhas-notificacoes/
WARNING 2025-12-21 17:24:18,228 log 12912 10604 Forbidden: /api/v1/core/usuarios/minhas-notificacoes/
WARNING 2025-12-21 17:25:18,208 log 12912 10604 Forbidden: /api/v1/core/usuarios/minhas-notificacoes/
WARNING 2025-12-21 17:26:18,224 log 12912 10604 Forbidden: /api/v1/core/usuarios/minhas-notificacoes/
WARNING 2025-12-21 17:27:18,227 log 12912 10604 Forbidden: /api/v1/core/usuarios/minhas-notificacoes/
WARNING 2025-12-21 17:28:18,234 log 12912 10604 Forbidden: /api/v1/core/usuarios/minhas-notificacoes/
WARNING 2025-12-21 17:29:18,216 log 12912 10604 Forbidden: /api/v1/core/usuarios/minhas-notificacoes/
WARNING 2025-12-21 17:30:18,518 log 12912 9212 Forbidden: /api/v1/core/usuarios/minhas-notificacoes/
WARNING 2025-12-21 17:31:18,231 log 12912 9212 Forbidden: /api/v1/core/usuarios/minhas-notificacoes/
WARNING 2025-12-21 17:32:18,233 log 12912 9212 Forbidden: /api/v1/core/usuarios/minhas-notificacoes/
WARNING 2025-12-21 17:33:18,219 log 12912 9212 Forbidden: /api/v1/core/usuarios/minhas-notificacoes/
WARNING 2025-12-21 17:34:18,216 log 12912 9212 Forbidden: /api/v1/core/usuarios/minhas-notificacoes/
WARNING 2025-12-21 17:35:18,232 log 12912 9212 Forbidden: /api/v1/core/usuarios/minhas-notificacoes/
WARNING 2025-12-21 17:36:18,220 log 12912 9212 Forbidden: /api/v1/core/usuarios/minhas-notificacoes/
WARNING 2025-12-21 17:37:18,209 log 12912 9212 Forbidden: /api/v1/core/usuarios/minhas-notificacoes/
WARNING 2025-12-21 17:38:18,211 log 12912 9212 Forbidden: /api/v1/core/usuarios/minhas-notificacoes/
WARNING 2025-12-21 17:39:18,220 log 12912 9212 Forbidden: /api/v1/core/usuarios/minhas-notificacoes/
WARNING 2025-12-21 17:40:18,216 log 12912 9212 Forbidden: /api/v1/core/usuarios/minhas-notificacoes/
WARNING 2025-12-21 17:41:18,209 log 12912 9212 Forbidden: /api/v1/core/usuarios/minhas-notificacoes/
WARNING 2025-12-21 17:42:18,217 log 12912 9212 Forbidden: /api/v1/core/usuarios/minhas-notificacoes/
WARNING 2025-12-21 17:43:18,214 log 12912 9212 Forbidden: /api/v1/core/usuarios/minhas-notificacoes/
WARNING 2025-12-21 17:44:18,215 log 12912 9212 Forbidden: /api/v1/core/usuarios/minhas-notificacoes/
WARNING 2025-12-21 17:45:18,213 log 12912 9212 Forbidden: /api/v1/core/usuarios/minhas-notificacoes/
WARNING 2025-12-21 17:46:18,218 log 12912 9212 Forbidden: /api/v1/core/usuarios/minhas-notificacoes/
WARNING 2025-12-21 17:47:18,253 log 12912 9212 Forbidden: /api/v1/core/usuarios/minhas-notificacoes/
WARNING 2025-12-21 17:48:18,215 log 12912 9212 Forbidden: /api/v1/core/usuarios/minhas-notificacoes/
WARNING 2025-12-21 17:49:18,218 log 12912 9212 Forbidden: /api/v1/core/usuarios/minhas-notificacoes/
WARNING 2025-12-21 17:50:18,217 log 12912 9212 Forbidden: /api/v1/core/usuarios/minhas-notificacoes/
WARNING 2025-12-21 17:51:18,224 log 12912 9212 Forbidden: /api/v1/core/usuarios/minhas-notificacoes/
WARNING 2025-12-21 17:52:18,214 log 12912 9212 Forbidden: /api/v1/core/usuarios/minhas-notificacoes/
WARNING 2025-12-21 17:53:18,214 log 12912 9212 Forbidden: /api/v1/core/usuarios/minhas-notificacoes/
WARNING 2025-12-21 17:54:18,228 log 12912 9212 Forbidden: /api/v1/core/usuarios/minhas-notificacoes/
WARNING 2025-12-21 17:55:18,228 log 12912 9212 Forbidden: /api/v1/core/usuarios/minhas-notificacoes/
WARNING 2025-12-21 17:56:18,215 log 12912 9212 Forbidden: /api/v1/core/usuarios/minhas-notificacoes/
WARNING 2025-12-21 17:57:18,222 log 12912 9212 Forbidden: /api/v1/core/usuarios/minhas-notificacoes/
WARNING 2025-12-21 17:58:18,238 log 12912 9212 Forbidden: /api/v1/core/usuarios/minhas-notificacoes/
WARNING 2025-12-21 17:59:18,227 log 12912 9212 Forbidden: /api/v1/core/usuarios/minhas-notificacoes/
WARNING 2025-12-21 18:00:18,507 log 12912 12572 Forbidden: /api/v1/core/usuarios/minhas-notificacoes/
WARNING 2025-12-21 18:01:18,209 log 12912 12572 Forbidden: /api/v1/core/usuarios/minhas-notificacoes/
WARNING 2025-12-21 18:02:18,208 log 12912 12572 Forbidden: /api/v1/core/usuarios/minhas-notificacoes/
WARNING 2025-12-21 18:03:18,213 log 12912 12572 Forbidden: /api/v1/core/usuarios/minhas-notificacoes/
WARNING 2025-12-21 18:04:18,212 log 12912 12572 Forbidden: /api/v1/core/usuarios/minhas-notificacoes/
WARNING 2025-12-21 18:05:18,233 log 12912 12572 Forbidden: /api/v1/core/usuarios/minhas-notificacoes/
WARNING 2025-12-21 18:06:18,228 log 12912 12572 Forbidden: /api/v1/core/usuarios/minhas-notificacoes/
WARNING 2025-12-21 18:07:18,210 log 12912 12572 Forbidden: /api/v1/core/usuarios/minhas-notificacoes/
WARNING 2025-12-21 18:08:18,219 log 12912 12572 Forbidden: /api/v1/core/usuarios/minhas-notificacoes/
WARNING 2025-12-21 18:09:18,228 log 12912 12572 Forbidden: /api/v1/core/usuarios/minhas-notificacoes/
WARNING 2025-12-21 18:10:18,227 log 12912 12572 Forbidden: /api/v1/core/usuarios/minhas-notificacoes/
WARNING 2025-12-21 18:11:18,210 log 12912 12572 Forbidden: /api/v1/core/usuarios/minhas-notificacoes/
WARNING 2025-12-21 18:12:18,225 log 12912 12572 Forbidden: /api/v1/core/usuarios/minhas-notificacoes/
WARNING 2025-12-21 18:13:18,211 log 12912 12572 Forbidden: /api/v1/core/usuarios/minhas-notificacoes/
WARNING 2025-12-21 18:14:18,223 log 12912 12572 Forbidden: /api/v1/core/usuarios/minhas-notificacoes/
WARNING 2025-12-21 18:15:18,248 log 12912 12572 Forbidden: /api/v1/core/usuarios/minhas-notificacoes/
WARNING 2025-12-21 18:16:18,243 log 12912 12572 Forbidden: /api/v1/core/usuarios/minhas-notificacoes/
WARNING 2025-12-21 18:17:18,212 log 12912 12572 Forbidden: /api/v1/core/usuarios/minhas-notificacoes/
WARNING 2025-12-21 18:18:18,211 log 12912 12572 Forbidden: /api/v1/core/usuarios/minhas-notificacoes/
WARNING 2025-12-21 18:19:18,221 log 12912 12572 Forbidden: /api/v1/core/usuarios/minhas-notificacoes/
WARNING 2025-12-21 18:20:18,212 log 12912 12572 Forbidden: /api/v1/core/usuarios/minhas-notificacoes/
WARNING 2025-12-21 18:21:18,231 log 12912 12572 Forbidden: /api/v1/core/usuarios/minhas-notificacoes/
WARNING 2025-12-21 18:22:18,226 log 12912 12572 Forbidden: /api/v1/core/usuarios/minhas-notificacoes/
WARNING 2025-12-21 18:23:18,238 log 12912 12572 Forbidden: /api/v1/core/usuarios/minhas-notificacoes/
WARNING 2025-12-21 18:24:18,223 log 12912 12572 Forbidden: /api/v1/core/usuarios/minhas-notificacoes/
WARNING 2025-12-21 18:25:18,210 log 12912 12572 Forbidden: /api/v1/core/usuarios/minhas-notificacoes/
WARNING 2025-12-21 18:26:18,218 log 12912 12572 Forbidden: /api/v1/core/usuarios/minhas-notificacoes/
WARNING 2025-12-21 18:27:18,225 log 12912 12572 Forbidden: /api/v1/core/usuarios/minhas-notificacoes/
WARNING 2025-12-21 18:28:18,206 log 12912 12572 Forbidden: /api/v1/core/usuarios/minhas-notificacoes/
WARNING 2025-12-21 18:29:18,221 log 12912 12572 Forbidden: /api/v1/core/usuarios/minhas-notificacoes/
WARNING 2025-12-21 18:30:18,512 log 12912 14732 Forbidden: /api/v1/core/usuarios/minhas-notificacoes/
WARNING 2025-12-21 18:31:18,213 log 12912 14732 Forbidden: /api/v1/core/usuarios/minhas-notificacoes/
WARNING 2025-12-21 18:32:18,231 log 12912 14732 Forbidden: /api/v1/core/usuarios/minhas-notificacoes/
WARNING 2025-12-21 18:33:18,225 log 12912 14732 Forbidden: /api/v1/core/usuarios/minhas-notificacoes/
WARNING 2025-12-21 18:34:18,296 log 12912 14732 Forbidden: /api/v1/core/usuarios/minhas-notificacoes/
WARNING 2025-12-21 18:35:18,225 log 12912 14732 Forbidden: /api/v1/core/usuarios/minhas-notificacoes/
WARNING 2025-12-21 18:36:18,604 log 12912 9024 Forbidden: /api/v1/core/usuarios/minhas-notificacoes/
WARNING 2025-12-21 18:37:18,219 log 12912 9024 Forbidden: /api/v1/core/usuarios/minhas-notificacoes/
WARNING 2025-12-21 18:37:55,841 log 12912 9024 Forbidden: /api/v1/core/usuarios/minhas-notificacoes/
WARNING 2025-12-21 18:37:56,046 log 12912 9024 Forbidden: /api/v1/stats/
WARNING 2025-12-21 18:37:56,050 log 12912 9024 Forbidden: /api/v1/financeiro/transacoes/stats/
WARNING 2025-12-21 18:37:56,054 log 12912 9024 Forbidden: /api/v1/alugueis/dashboard-stats/
WARNING 2025-12-21 18:38:56,210 log 12912 9024 Forbidden: /api/v1/core/usuarios/minhas-notificacoes/
WARNING 2025-12-21 18:40:18,260 log 12912 9024 Forbidden: /api/v1/core/usuarios/minhas-notificacoes/
WARNING 2025-12-21 18:41:18,542 log 15008 3132 Forbidden: /api/v1/core/usuarios/minhas-notificacoes/
ERROR 2025-12-21 19:44:20,489 log 808 15228 Internal Server Error: /api/v1/vistorias/vistorias/12/gerar-laudo/
WARNING 2025-12-21 19:46:50,943 util 9948 10504 getSize: Not a float '100%'
WARNING 2025-12-21 19:46:50,996 util 9948 10504 getSize: Not a float '33%'
WARNING 2025-12-21 19:47:52,247 util 9948 10504 getSize: Not a float '33%'
WARNING 2025-12-21 19:47:52,257 util 9948 10504 getSize: Not a float '33%'
WARNING 2025-12-21 19:52:44,927 util 11092 2328 getSize: Not a float '100%'
WARNING 2025-12-21 19:52:44,989 util 11092 2328 getSize: Not a float '33%'
WARNING 2025-12-21 19:52:44,994 util 11092 2328 getSize: Not a float '33%'
WARNING 2025-12-21 19:56:51,286 util 15312 14492 getSize: Not a float '100%'
WARNING 2025-12-21 19:56:51,322 util 15312 14492 getSize: Not a float '33%'
WARNING 2025-12-21 20:01:39,304 log 15312 9468 Forbidden: /api/v1/core/usuarios/minhas-notificacoes/
WARNING 2025-12-21 20:02:04,760 log 15312 9468 Forbidden: /api/v1/stats/
WARNING 2025-12-21 20:02:04,765 log 15312 9468 Forbidden: /api/v1/financeiro/transacoes/stats/
WARNING 2025-12-21 20:02:04,774 log 15312 9468 Forbidden: /api/v1/alugueis/dashboard-stats/
WARNING 2025-12-21 20:02:39,203 log 15312 9468 Forbidden: /api/v1/core/usuarios/minhas-notificacoes/
WARNING 2025-12-21 20:04:18,210 log 15312 9468 Forbidden: /api/v1/core/usuarios/minhas-notificacoes/
WARNING 2025-12-21 20:04:42,896 log 15312 9468 Forbidden: /api/v1/core/usuarios/minhas-notificacoes/
WARNING 2025-12-21 20:45:25,131 log 5840 7240 Bad Request: /api/v1/vistorias/vistorias/
WARNING 2025-12-21 20:45:32,982 log 5840 7240 Bad Request: /api/v1/vistorias/vistorias/
WARNING 2025-12-21 20:45:40,728 log 5840 7240 Bad Request: /api/v1/vistorias/vistorias/
WARNING 2025-12-21 20:45:45,275 log 5840 7240 Bad Request: /api/v1/vistorias/vistorias/
WARNING 2025-12-21 20:47:46,365 log 5840 7240 Bad Request: /api/v1/vistorias/vistorias/
WARNING 2025-12-21 20:51:35,748 log 5840 9904 Bad Request: /api/v1/vistorias/vistorias/
WARNING 2025-12-21 20:53:30,706 log 5840 9904 Bad Request: /api/v1/vistorias/vistorias/
WARNING 2025-12-21 21:07:29,204 log 8640 10136 Forbidden: /api/v1/core/usuarios/minhas-notificacoes/
WARNING 2025-12-21 21:08:04,783 log 13816 7544 Forbidden: /api/v1/stats/
WARNING 2025-12-21 21:08:04,783 log 13816 852 Forbidden: /api/v1/alugueis/dashboard-stats/
WARNING 2025-12-21 21:08:04,783 log 13816 11636 Forbidden: /api/v1/financeiro/transacoes/stats/
WARNING 2025-12-21 21:08:06,830 log 13816 11636 Forbidden: /api/v1/stats/
WARNING 2025-12-21 21:08:06,830 log 13816 7544 Forbidden: /api/v1/alugueis/dashboard-stats/
WARNING 2025-12-21 21:08:06,830 log 13816 852 Forbidden: /api/v1/financeiro/transacoes/stats/
WARNING 2025-12-21 21:46:51,938 log 12060 13776 Bad Request: /api/v1/contratos/50/
WARNING 2025-12-21 21:46:54,873 log 12060 13776 Bad Request: /api/v1/contratos/50/
WARNING 2025-12-21 21:51:04,403 log 8052 8912 Bad Request: /api/v1/contratos/50/
WARNING 2025-12-21 21:51:07,062 log 8052 8912 Bad Request: /api/v1/contratos/50/
WARNING 2025-12-21 21:51:07,249 log 8052 8912 Bad Request: /api/v1/contratos/50/
WARNING 2025-12-21 22:08:18,303 log 7276 13324 Forbidden: /api/v1/contratos/
WARNING 2025-12-21 22:08:18,328 log 7276 13324 Forbidden: /api/v1/vistorias/vistorias/
WARNING 2025-12-21 22:08:18,381 log 7276 13324 Forbidden: /api/v1/stats/
WARNING 2025-12-21 22:08:18,381 log 7276 7492 Forbidden: /api/v1/alugueis/dashboard-stats/
WARNING 2025-12-21 22:08:18,381 log 7276 4420 Forbidden: /api/v1/financeiro/transacoes/stats/
WARNING 2025-12-21 22:08:21,025 log 7276 4420 Forbidden: /api/v1/stats/
WARNING 2025-12-21 22:08:21,025 log 7276 7492 Forbidden: /api/v1/financeiro/transacoes/stats/
WARNING 2025-12-21 22:08:21,025 log 7276 13324 Forbidden: /api/v1/alugueis/dashboard-stats/
WARNING 2025-12-21 22:08:21,657 log 7276 13324 Forbidden: /api/v1/stats/
WARNING 2025-12-21 22:08:21,657 log 7276 7492 Forbidden: /api/v1/financeiro/transacoes/stats/
WARNING 2025-12-21 22:08:21,657 log 7276 4420 Forbidden: /api/v1/alugueis/dashboard-stats/
WARNING 2025-12-21 22:08:26,218 log 7276 4420 Forbidden: /api/v1/stats/
WARNING 2025-12-21 22:08:26,219 log 7276 13324 Forbidden: /api/v1/alugueis/dashboard-stats/
WARNING 2025-12-21 22:08:26,222 log 7276 7492 Forbidden: /api/v1/financeiro/transacoes/stats/
WARNING 2025-12-21 22:08:29,408 log 7276 7492 Forbidden: /api/v1/contratos/
WARNING 2025-12-21 22:08:29,451 log 7276 7492 Forbidden: /api/v1/vistorias/vistorias/
WARNING 2025-12-21 22:08:29,657 log 7276 7492 Forbidden: /api/v1/stats/
WARNING 2025-12-21 22:08:29,671 log 7276 13324 Forbidden: /api/v1/financeiro/transacoes/stats/
WARNING 2025-12-21 22:08:29,673 log 7276 4420 Forbidden: /api/v1/alugueis/dashboard-stats/
WARNING 2025-12-21 22:17:08,711 log 7276 13324 Unsupported Media Type: /api/v1/vistorias/fotos/
WARNING 2025-12-21 22:17:11,441 log 7276 13324 Unsupported Media Type: /api/v1/vistorias/fotos/
ERROR 2025-12-21 22:21:13,813 log 7276 13324 Internal Server Error: /api/v1/vistorias/fotos/
Traceback (most recent call last):
  File "C:\wamp64\www\imobcloud\venv\Lib\site-packages\django\db\backends\utils.py", line 105, in _execute
    return self.cursor.execute(sql, params)
           ^^^^^^^^^^^^^^^^^^^^^^^^^^^^^^^^
psycopg2.errors.NotNullViolation: ERRORE:  il valore nullo nella colonna "item_id" della relazione "app_vistorias_vistoriafoto" viola il vincolo non nullo
DETAIL:  La riga in errore contiene (11, vistorias/2025/12/logo_06_CIZiUm5.png, 2025-12-21 21:21:13.673609+00, null).


The above exception was the direct cause of the following exception:

Traceback (most recent call last):
  File "C:\wamp64\www\imobcloud\venv\Lib\site-packages\django\core\handlers\exception.py", line 55, in inner
    response = get_response(request)
               ^^^^^^^^^^^^^^^^^^^^^
  File "C:\wamp64\www\imobcloud\venv\Lib\site-packages\django\core\handlers\base.py", line 197, in _get_response
    response = wrapped_callback(request, *callback_args, **callback_kwargs)
               ^^^^^^^^^^^^^^^^^^^^^^^^^^^^^^^^^^^^^^^^^^^^^^^^^^^^^^^^^^^^
  File "C:\wamp64\www\imobcloud\venv\Lib\site-packages\django\views\decorators\csrf.py", line 65, in _view_wrapper
    return view_func(request, *args, **kwargs)
           ^^^^^^^^^^^^^^^^^^^^^^^^^^^^^^^^^^^
  File "C:\wamp64\www\imobcloud\venv\Lib\site-packages\rest_framework\viewsets.py", line 124, in view
    return self.dispatch(request, *args, **kwargs)
           ^^^^^^^^^^^^^^^^^^^^^^^^^^^^^^^^^^^^^^^
  File "C:\wamp64\www\imobcloud\venv\Lib\site-packages\rest_framework\views.py", line 509, in dispatch
    response = self.handle_exception(exc)
               ^^^^^^^^^^^^^^^^^^^^^^^^^^
  File "C:\wamp64\www\imobcloud\venv\Lib\site-packages\rest_framework\views.py", line 469, in handle_exception
    self.raise_uncaught_exception(exc)
  File "C:\wamp64\www\imobcloud\venv\Lib\site-packages\rest_framework\views.py", line 480, in raise_uncaught_exception
    raise exc
  File "C:\wamp64\www\imobcloud\venv\Lib\site-packages\rest_framework\views.py", line 506, in dispatch
    response = handler(request, *args, **kwargs)
               ^^^^^^^^^^^^^^^^^^^^^^^^^^^^^^^^^
  File "C:\wamp64\www\imobcloud\venv\Lib\site-packages\rest_framework\mixins.py", line 21, in create
    self.perform_create(serializer)
  File "C:\wamp64\www\imobcloud\venv\Lib\site-packages\rest_framework\mixins.py", line 26, in perform_create
    serializer.save()
  File "C:\wamp64\www\imobcloud\venv\Lib\site-packages\rest_framework\serializers.py", line 208, in save
    self.instance = self.create(validated_data)
                    ^^^^^^^^^^^^^^^^^^^^^^^^^^^
  File "C:\wamp64\www\imobcloud\venv\Lib\site-packages\rest_framework\serializers.py", line 989, in create
    instance = ModelClass._default_manager.create(**validated_data)
               ^^^^^^^^^^^^^^^^^^^^^^^^^^^^^^^^^^^^^^^^^^^^^^^^^^^^
  File "C:\wamp64\www\imobcloud\venv\Lib\site-packages\django\db\models\manager.py", line 87, in manager_method
    return getattr(self.get_queryset(), name)(*args, **kwargs)
           ^^^^^^^^^^^^^^^^^^^^^^^^^^^^^^^^^^^^^^^^^^^^^^^^^^^
  File "C:\wamp64\www\imobcloud\venv\Lib\site-packages\django\db\models\query.py", line 663, in create
    obj.save(force_insert=True, using=self.db)
  File "C:\wamp64\www\imobcloud\venv\Lib\site-packages\django\db\models\base.py", line 902, in save
    self.save_base(
  File "C:\wamp64\www\imobcloud\venv\Lib\site-packages\django\db\models\base.py", line 1008, in save_base
    updated = self._save_table(
              ^^^^^^^^^^^^^^^^^
  File "C:\wamp64\www\imobcloud\venv\Lib\site-packages\django\db\models\base.py", line 1169, in _save_table
    results = self._do_insert(
              ^^^^^^^^^^^^^^^^
  File "C:\wamp64\www\imobcloud\venv\Lib\site-packages\django\db\models\base.py", line 1210, in _do_insert
    return manager._insert(
           ^^^^^^^^^^^^^^^^
  File "C:\wamp64\www\imobcloud\venv\Lib\site-packages\django\db\models\manager.py", line 87, in manager_method
    return getattr(self.get_queryset(), name)(*args, **kwargs)
           ^^^^^^^^^^^^^^^^^^^^^^^^^^^^^^^^^^^^^^^^^^^^^^^^^^^
  File "C:\wamp64\www\imobcloud\venv\Lib\site-packages\django\db\models\query.py", line 1868, in _insert
    return query.get_compiler(using=using).execute_sql(returning_fields)
           ^^^^^^^^^^^^^^^^^^^^^^^^^^^^^^^^^^^^^^^^^^^^^^^^^^^^^^^^^^^^^
  File "C:\wamp64\www\imobcloud\venv\Lib\site-packages\django\db\models\sql\compiler.py", line 1882, in execute_sql
    cursor.execute(sql, params)
  File "C:\wamp64\www\imobcloud\venv\Lib\site-packages\django\db\backends\utils.py", line 122, in execute
    return super().execute(sql, params)
           ^^^^^^^^^^^^^^^^^^^^^^^^^^^^
  File "C:\wamp64\www\imobcloud\venv\Lib\site-packages\django\db\backends\utils.py", line 79, in execute
    return self._execute_with_wrappers(
           ^^^^^^^^^^^^^^^^^^^^^^^^^^^^
  File "C:\wamp64\www\imobcloud\venv\Lib\site-packages\django\db\backends\utils.py", line 92, in _execute_with_wrappers
    return executor(sql, params, many, context)
           ^^^^^^^^^^^^^^^^^^^^^^^^^^^^^^^^^^^^
  File "C:\wamp64\www\imobcloud\venv\Lib\site-packages\django\db\backends\utils.py", line 100, in _execute
    with self.db.wrap_database_errors:
         ^^^^^^^^^^^^^^^^^^^^^^^^^^^^
  File "C:\wamp64\www\imobcloud\venv\Lib\site-packages\django\db\utils.py", line 91, in __exit__
    raise dj_exc_value.with_traceback(traceback) from exc_value
  File "C:\wamp64\www\imobcloud\venv\Lib\site-packages\django\db\backends\utils.py", line 105, in _execute
    return self.cursor.execute(sql, params)
           ^^^^^^^^^^^^^^^^^^^^^^^^^^^^^^^^
django.db.utils.IntegrityError: ERRORE:  il valore nullo nella colonna "item_id" della relazione "app_vistorias_vistoriafoto" viola il vincolo non nullo
DETAIL:  La riga in errore contiene (11, vistorias/2025/12/logo_06_CIZiUm5.png, 2025-12-21 21:21:13.673609+00, null).

ERROR 2025-12-21 22:23:22,792 log 7276 13324 Internal Server Error: /api/v1/vistorias/fotos/
Traceback (most recent call last):
  File "C:\wamp64\www\imobcloud\venv\Lib\site-packages\django\db\backends\utils.py", line 105, in _execute
    return self.cursor.execute(sql, params)
           ^^^^^^^^^^^^^^^^^^^^^^^^^^^^^^^^
psycopg2.errors.NotNullViolation: ERRORE:  il valore nullo nella colonna "item_id" della relazione "app_vistorias_vistoriafoto" viola il vincolo non nullo
DETAIL:  La riga in errore contiene (12, vistorias/2025/12/logo_06_ZWbRp5m.png, 2025-12-21 21:23:22.643918+00, null).


The above exception was the direct cause of the following exception:

Traceback (most recent call last):
  File "C:\wamp64\www\imobcloud\venv\Lib\site-packages\django\core\handlers\exception.py", line 55, in inner
    response = get_response(request)
               ^^^^^^^^^^^^^^^^^^^^^
  File "C:\wamp64\www\imobcloud\venv\Lib\site-packages\django\core\handlers\base.py", line 197, in _get_response
    response = wrapped_callback(request, *callback_args, **callback_kwargs)
               ^^^^^^^^^^^^^^^^^^^^^^^^^^^^^^^^^^^^^^^^^^^^^^^^^^^^^^^^^^^^
  File "C:\wamp64\www\imobcloud\venv\Lib\site-packages\django\views\decorators\csrf.py", line 65, in _view_wrapper
    return view_func(request, *args, **kwargs)
           ^^^^^^^^^^^^^^^^^^^^^^^^^^^^^^^^^^^
  File "C:\wamp64\www\imobcloud\venv\Lib\site-packages\rest_framework\viewsets.py", line 124, in view
    return self.dispatch(request, *args, **kwargs)
           ^^^^^^^^^^^^^^^^^^^^^^^^^^^^^^^^^^^^^^^
  File "C:\wamp64\www\imobcloud\venv\Lib\site-packages\rest_framework\views.py", line 509, in dispatch
    response = self.handle_exception(exc)
               ^^^^^^^^^^^^^^^^^^^^^^^^^^
  File "C:\wamp64\www\imobcloud\venv\Lib\site-packages\rest_framework\views.py", line 469, in handle_exception
    self.raise_uncaught_exception(exc)
  File "C:\wamp64\www\imobcloud\venv\Lib\site-packages\rest_framework\views.py", line 480, in raise_uncaught_exception
    raise exc
  File "C:\wamp64\www\imobcloud\venv\Lib\site-packages\rest_framework\views.py", line 506, in dispatch
    response = handler(request, *args, **kwargs)
               ^^^^^^^^^^^^^^^^^^^^^^^^^^^^^^^^^
  File "C:\wamp64\www\imobcloud\venv\Lib\site-packages\rest_framework\mixins.py", line 21, in create
    self.perform_create(serializer)
  File "C:\wamp64\www\imobcloud\venv\Lib\site-packages\rest_framework\mixins.py", line 26, in perform_create
    serializer.save()
  File "C:\wamp64\www\imobcloud\venv\Lib\site-packages\rest_framework\serializers.py", line 208, in save
    self.instance = self.create(validated_data)
                    ^^^^^^^^^^^^^^^^^^^^^^^^^^^
  File "C:\wamp64\www\imobcloud\venv\Lib\site-packages\rest_framework\serializers.py", line 989, in create
    instance = ModelClass._default_manager.create(**validated_data)
               ^^^^^^^^^^^^^^^^^^^^^^^^^^^^^^^^^^^^^^^^^^^^^^^^^^^^
  File "C:\wamp64\www\imobcloud\venv\Lib\site-packages\django\db\models\manager.py", line 87, in manager_method
    return getattr(self.get_queryset(), name)(*args, **kwargs)
           ^^^^^^^^^^^^^^^^^^^^^^^^^^^^^^^^^^^^^^^^^^^^^^^^^^^
  File "C:\wamp64\www\imobcloud\venv\Lib\site-packages\django\db\models\query.py", line 663, in create
    obj.save(force_insert=True, using=self.db)
  File "C:\wamp64\www\imobcloud\venv\Lib\site-packages\django\db\models\base.py", line 902, in save
    self.save_base(
  File "C:\wamp64\www\imobcloud\venv\Lib\site-packages\django\db\models\base.py", line 1008, in save_base
    updated = self._save_table(
              ^^^^^^^^^^^^^^^^^
  File "C:\wamp64\www\imobcloud\venv\Lib\site-packages\django\db\models\base.py", line 1169, in _save_table
    results = self._do_insert(
              ^^^^^^^^^^^^^^^^
  File "C:\wamp64\www\imobcloud\venv\Lib\site-packages\django\db\models\base.py", line 1210, in _do_insert
    return manager._insert(
           ^^^^^^^^^^^^^^^^
  File "C:\wamp64\www\imobcloud\venv\Lib\site-packages\django\db\models\manager.py", line 87, in manager_method
    return getattr(self.get_queryset(), name)(*args, **kwargs)
           ^^^^^^^^^^^^^^^^^^^^^^^^^^^^^^^^^^^^^^^^^^^^^^^^^^^
  File "C:\wamp64\www\imobcloud\venv\Lib\site-packages\django\db\models\query.py", line 1868, in _insert
    return query.get_compiler(using=using).execute_sql(returning_fields)
           ^^^^^^^^^^^^^^^^^^^^^^^^^^^^^^^^^^^^^^^^^^^^^^^^^^^^^^^^^^^^^
  File "C:\wamp64\www\imobcloud\venv\Lib\site-packages\django\db\models\sql\compiler.py", line 1882, in execute_sql
    cursor.execute(sql, params)
  File "C:\wamp64\www\imobcloud\venv\Lib\site-packages\django\db\backends\utils.py", line 122, in execute
    return super().execute(sql, params)
           ^^^^^^^^^^^^^^^^^^^^^^^^^^^^
  File "C:\wamp64\www\imobcloud\venv\Lib\site-packages\django\db\backends\utils.py", line 79, in execute
    return self._execute_with_wrappers(
           ^^^^^^^^^^^^^^^^^^^^^^^^^^^^
  File "C:\wamp64\www\imobcloud\venv\Lib\site-packages\django\db\backends\utils.py", line 92, in _execute_with_wrappers
    return executor(sql, params, many, context)
           ^^^^^^^^^^^^^^^^^^^^^^^^^^^^^^^^^^^^
  File "C:\wamp64\www\imobcloud\venv\Lib\site-packages\django\db\backends\utils.py", line 100, in _execute
    with self.db.wrap_database_errors:
         ^^^^^^^^^^^^^^^^^^^^^^^^^^^^
  File "C:\wamp64\www\imobcloud\venv\Lib\site-packages\django\db\utils.py", line 91, in __exit__
    raise dj_exc_value.with_traceback(traceback) from exc_value
  File "C:\wamp64\www\imobcloud\venv\Lib\site-packages\django\db\backends\utils.py", line 105, in _execute
    return self.cursor.execute(sql, params)
           ^^^^^^^^^^^^^^^^^^^^^^^^^^^^^^^^
django.db.utils.IntegrityError: ERRORE:  il valore nullo nella colonna "item_id" della relazione "app_vistorias_vistoriafoto" viola il vincolo non nullo
DETAIL:  La riga in errore contiene (12, vistorias/2025/12/logo_06_ZWbRp5m.png, 2025-12-21 21:23:22.643918+00, null).

ERROR 2025-12-21 22:24:17,049 log 10284 9192 Internal Server Error: /api/v1/vistorias/fotos/
Traceback (most recent call last):
  File "C:\wamp64\www\imobcloud\venv\Lib\site-packages\django\db\backends\utils.py", line 105, in _execute
    return self.cursor.execute(sql, params)
           ^^^^^^^^^^^^^^^^^^^^^^^^^^^^^^^^
psycopg2.errors.NotNullViolation: ERRORE:  il valore nullo nella colonna "item_id" della relazione "app_vistorias_vistoriafoto" viola il vincolo non nullo
DETAIL:  La riga in errore contiene (13, vistorias/2025/12/logo_06_byjIpNm.png, 2025-12-21 21:24:16.946216+00, null).


The above exception was the direct cause of the following exception:

Traceback (most recent call last):
  File "C:\wamp64\www\imobcloud\venv\Lib\site-packages\django\core\handlers\exception.py", line 55, in inner
    response = get_response(request)
               ^^^^^^^^^^^^^^^^^^^^^
  File "C:\wamp64\www\imobcloud\venv\Lib\site-packages\django\core\handlers\base.py", line 197, in _get_response
    response = wrapped_callback(request, *callback_args, **callback_kwargs)
               ^^^^^^^^^^^^^^^^^^^^^^^^^^^^^^^^^^^^^^^^^^^^^^^^^^^^^^^^^^^^
  File "C:\wamp64\www\imobcloud\venv\Lib\site-packages\django\views\decorators\csrf.py", line 65, in _view_wrapper
    return view_func(request, *args, **kwargs)
           ^^^^^^^^^^^^^^^^^^^^^^^^^^^^^^^^^^^
  File "C:\wamp64\www\imobcloud\venv\Lib\site-packages\rest_framework\viewsets.py", line 124, in view
    return self.dispatch(request, *args, **kwargs)
           ^^^^^^^^^^^^^^^^^^^^^^^^^^^^^^^^^^^^^^^
  File "C:\wamp64\www\imobcloud\venv\Lib\site-packages\rest_framework\views.py", line 509, in dispatch
    response = self.handle_exception(exc)
               ^^^^^^^^^^^^^^^^^^^^^^^^^^
  File "C:\wamp64\www\imobcloud\venv\Lib\site-packages\rest_framework\views.py", line 469, in handle_exception
    self.raise_uncaught_exception(exc)
  File "C:\wamp64\www\imobcloud\venv\Lib\site-packages\rest_framework\views.py", line 480, in raise_uncaught_exception
    raise exc
  File "C:\wamp64\www\imobcloud\venv\Lib\site-packages\rest_framework\views.py", line 506, in dispatch
    response = handler(request, *args, **kwargs)
               ^^^^^^^^^^^^^^^^^^^^^^^^^^^^^^^^^
  File "C:\wamp64\www\imobcloud\venv\Lib\site-packages\rest_framework\mixins.py", line 21, in create
    self.perform_create(serializer)
  File "C:\wamp64\www\imobcloud\venv\Lib\site-packages\rest_framework\mixins.py", line 26, in perform_create
    serializer.save()
  File "C:\wamp64\www\imobcloud\venv\Lib\site-packages\rest_framework\serializers.py", line 208, in save
    self.instance = self.create(validated_data)
                    ^^^^^^^^^^^^^^^^^^^^^^^^^^^
  File "C:\wamp64\www\imobcloud\venv\Lib\site-packages\rest_framework\serializers.py", line 989, in create
    instance = ModelClass._default_manager.create(**validated_data)
               ^^^^^^^^^^^^^^^^^^^^^^^^^^^^^^^^^^^^^^^^^^^^^^^^^^^^
  File "C:\wamp64\www\imobcloud\venv\Lib\site-packages\django\db\models\manager.py", line 87, in manager_method
    return getattr(self.get_queryset(), name)(*args, **kwargs)
           ^^^^^^^^^^^^^^^^^^^^^^^^^^^^^^^^^^^^^^^^^^^^^^^^^^^
  File "C:\wamp64\www\imobcloud\venv\Lib\site-packages\django\db\models\query.py", line 663, in create
    obj.save(force_insert=True, using=self.db)
  File "C:\wamp64\www\imobcloud\venv\Lib\site-packages\django\db\models\base.py", line 902, in save
    self.save_base(
  File "C:\wamp64\www\imobcloud\venv\Lib\site-packages\django\db\models\base.py", line 1008, in save_base
    updated = self._save_table(
              ^^^^^^^^^^^^^^^^^
  File "C:\wamp64\www\imobcloud\venv\Lib\site-packages\django\db\models\base.py", line 1169, in _save_table
    results = self._do_insert(
              ^^^^^^^^^^^^^^^^
  File "C:\wamp64\www\imobcloud\venv\Lib\site-packages\django\db\models\base.py", line 1210, in _do_insert
    return manager._insert(
           ^^^^^^^^^^^^^^^^
  File "C:\wamp64\www\imobcloud\venv\Lib\site-packages\django\db\models\manager.py", line 87, in manager_method
    return getattr(self.get_queryset(), name)(*args, **kwargs)
           ^^^^^^^^^^^^^^^^^^^^^^^^^^^^^^^^^^^^^^^^^^^^^^^^^^^
  File "C:\wamp64\www\imobcloud\venv\Lib\site-packages\django\db\models\query.py", line 1868, in _insert
    return query.get_compiler(using=using).execute_sql(returning_fields)
           ^^^^^^^^^^^^^^^^^^^^^^^^^^^^^^^^^^^^^^^^^^^^^^^^^^^^^^^^^^^^^
  File "C:\wamp64\www\imobcloud\venv\Lib\site-packages\django\db\models\sql\compiler.py", line 1882, in execute_sql
    cursor.execute(sql, params)
  File "C:\wamp64\www\imobcloud\venv\Lib\site-packages\django\db\backends\utils.py", line 122, in execute
    return super().execute(sql, params)
           ^^^^^^^^^^^^^^^^^^^^^^^^^^^^
  File "C:\wamp64\www\imobcloud\venv\Lib\site-packages\django\db\backends\utils.py", line 79, in execute
    return self._execute_with_wrappers(
           ^^^^^^^^^^^^^^^^^^^^^^^^^^^^
  File "C:\wamp64\www\imobcloud\venv\Lib\site-packages\django\db\backends\utils.py", line 92, in _execute_with_wrappers
    return executor(sql, params, many, context)
           ^^^^^^^^^^^^^^^^^^^^^^^^^^^^^^^^^^^^
  File "C:\wamp64\www\imobcloud\venv\Lib\site-packages\django\db\backends\utils.py", line 100, in _execute
    with self.db.wrap_database_errors:
         ^^^^^^^^^^^^^^^^^^^^^^^^^^^^
  File "C:\wamp64\www\imobcloud\venv\Lib\site-packages\django\db\utils.py", line 91, in __exit__
    raise dj_exc_value.with_traceback(traceback) from exc_value
  File "C:\wamp64\www\imobcloud\venv\Lib\site-packages\django\db\backends\utils.py", line 105, in _execute
    return self.cursor.execute(sql, params)
           ^^^^^^^^^^^^^^^^^^^^^^^^^^^^^^^^
django.db.utils.IntegrityError: ERRORE:  il valore nullo nella colonna "item_id" della relazione "app_vistorias_vistoriafoto" viola il vincolo non nullo
DETAIL:  La riga in errore contiene (13, vistorias/2025/12/logo_06_byjIpNm.png, 2025-12-21 21:24:16.946216+00, null).

ERROR 2025-12-21 22:26:18,050 log 10284 9192 Internal Server Error: /api/v1/vistorias/fotos/
Traceback (most recent call last):
  File "C:\wamp64\www\imobcloud\venv\Lib\site-packages\django\db\backends\utils.py", line 105, in _execute
    return self.cursor.execute(sql, params)
           ^^^^^^^^^^^^^^^^^^^^^^^^^^^^^^^^
psycopg2.errors.NotNullViolation: ERRORE:  il valore nullo nella colonna "item_id" della relazione "app_vistorias_vistoriafoto" viola il vincolo non nullo
DETAIL:  La riga in errore contiene (14, vistorias/2025/12/logo_06_CAq64cH.png, 2025-12-21 21:26:17.91494+00, null).


The above exception was the direct cause of the following exception:

Traceback (most recent call last):
  File "C:\wamp64\www\imobcloud\venv\Lib\site-packages\django\core\handlers\exception.py", line 55, in inner
    response = get_response(request)
               ^^^^^^^^^^^^^^^^^^^^^
  File "C:\wamp64\www\imobcloud\venv\Lib\site-packages\django\core\handlers\base.py", line 197, in _get_response
    response = wrapped_callback(request, *callback_args, **callback_kwargs)
               ^^^^^^^^^^^^^^^^^^^^^^^^^^^^^^^^^^^^^^^^^^^^^^^^^^^^^^^^^^^^
  File "C:\wamp64\www\imobcloud\venv\Lib\site-packages\django\views\decorators\csrf.py", line 65, in _view_wrapper
    return view_func(request, *args, **kwargs)
           ^^^^^^^^^^^^^^^^^^^^^^^^^^^^^^^^^^^
  File "C:\wamp64\www\imobcloud\venv\Lib\site-packages\rest_framework\viewsets.py", line 124, in view
    return self.dispatch(request, *args, **kwargs)
           ^^^^^^^^^^^^^^^^^^^^^^^^^^^^^^^^^^^^^^^
  File "C:\wamp64\www\imobcloud\venv\Lib\site-packages\rest_framework\views.py", line 509, in dispatch
    response = self.handle_exception(exc)
               ^^^^^^^^^^^^^^^^^^^^^^^^^^
  File "C:\wamp64\www\imobcloud\venv\Lib\site-packages\rest_framework\views.py", line 469, in handle_exception
    self.raise_uncaught_exception(exc)
  File "C:\wamp64\www\imobcloud\venv\Lib\site-packages\rest_framework\views.py", line 480, in raise_uncaught_exception
    raise exc
  File "C:\wamp64\www\imobcloud\venv\Lib\site-packages\rest_framework\views.py", line 506, in dispatch
    response = handler(request, *args, **kwargs)
               ^^^^^^^^^^^^^^^^^^^^^^^^^^^^^^^^^
  File "C:\wamp64\www\imobcloud\venv\Lib\site-packages\rest_framework\mixins.py", line 21, in create
    self.perform_create(serializer)
  File "C:\wamp64\www\imobcloud\venv\Lib\site-packages\rest_framework\mixins.py", line 26, in perform_create
    serializer.save()
  File "C:\wamp64\www\imobcloud\venv\Lib\site-packages\rest_framework\serializers.py", line 208, in save
    self.instance = self.create(validated_data)
                    ^^^^^^^^^^^^^^^^^^^^^^^^^^^
  File "C:\wamp64\www\imobcloud\venv\Lib\site-packages\rest_framework\serializers.py", line 989, in create
    instance = ModelClass._default_manager.create(**validated_data)
               ^^^^^^^^^^^^^^^^^^^^^^^^^^^^^^^^^^^^^^^^^^^^^^^^^^^^
  File "C:\wamp64\www\imobcloud\venv\Lib\site-packages\django\db\models\manager.py", line 87, in manager_method
    return getattr(self.get_queryset(), name)(*args, **kwargs)
           ^^^^^^^^^^^^^^^^^^^^^^^^^^^^^^^^^^^^^^^^^^^^^^^^^^^
  File "C:\wamp64\www\imobcloud\venv\Lib\site-packages\django\db\models\query.py", line 663, in create
    obj.save(force_insert=True, using=self.db)
  File "C:\wamp64\www\imobcloud\venv\Lib\site-packages\django\db\models\base.py", line 902, in save
    self.save_base(
  File "C:\wamp64\www\imobcloud\venv\Lib\site-packages\django\db\models\base.py", line 1008, in save_base
    updated = self._save_table(
              ^^^^^^^^^^^^^^^^^
  File "C:\wamp64\www\imobcloud\venv\Lib\site-packages\django\db\models\base.py", line 1169, in _save_table
    results = self._do_insert(
              ^^^^^^^^^^^^^^^^
  File "C:\wamp64\www\imobcloud\venv\Lib\site-packages\django\db\models\base.py", line 1210, in _do_insert
    return manager._insert(
           ^^^^^^^^^^^^^^^^
  File "C:\wamp64\www\imobcloud\venv\Lib\site-packages\django\db\models\manager.py", line 87, in manager_method
    return getattr(self.get_queryset(), name)(*args, **kwargs)
           ^^^^^^^^^^^^^^^^^^^^^^^^^^^^^^^^^^^^^^^^^^^^^^^^^^^
  File "C:\wamp64\www\imobcloud\venv\Lib\site-packages\django\db\models\query.py", line 1868, in _insert
    return query.get_compiler(using=using).execute_sql(returning_fields)
           ^^^^^^^^^^^^^^^^^^^^^^^^^^^^^^^^^^^^^^^^^^^^^^^^^^^^^^^^^^^^^
  File "C:\wamp64\www\imobcloud\venv\Lib\site-packages\django\db\models\sql\compiler.py", line 1882, in execute_sql
    cursor.execute(sql, params)
  File "C:\wamp64\www\imobcloud\venv\Lib\site-packages\django\db\backends\utils.py", line 122, in execute
    return super().execute(sql, params)
           ^^^^^^^^^^^^^^^^^^^^^^^^^^^^
  File "C:\wamp64\www\imobcloud\venv\Lib\site-packages\django\db\backends\utils.py", line 79, in execute
    return self._execute_with_wrappers(
           ^^^^^^^^^^^^^^^^^^^^^^^^^^^^
  File "C:\wamp64\www\imobcloud\venv\Lib\site-packages\django\db\backends\utils.py", line 92, in _execute_with_wrappers
    return executor(sql, params, many, context)
           ^^^^^^^^^^^^^^^^^^^^^^^^^^^^^^^^^^^^
  File "C:\wamp64\www\imobcloud\venv\Lib\site-packages\django\db\backends\utils.py", line 100, in _execute
    with self.db.wrap_database_errors:
         ^^^^^^^^^^^^^^^^^^^^^^^^^^^^
  File "C:\wamp64\www\imobcloud\venv\Lib\site-packages\django\db\utils.py", line 91, in __exit__
    raise dj_exc_value.with_traceback(traceback) from exc_value
  File "C:\wamp64\www\imobcloud\venv\Lib\site-packages\django\db\backends\utils.py", line 105, in _execute
    return self.cursor.execute(sql, params)
           ^^^^^^^^^^^^^^^^^^^^^^^^^^^^^^^^
django.db.utils.IntegrityError: ERRORE:  il valore nullo nella colonna "item_id" della relazione "app_vistorias_vistoriafoto" viola il vincolo non nullo
DETAIL:  La riga in errore contiene (14, vistorias/2025/12/logo_06_CAq64cH.png, 2025-12-21 21:26:17.91494+00, null).

ERROR 2025-12-21 22:28:37,681 log 13824 12240 Internal Server Error: /api/v1/vistorias/vistorias/16/
Traceback (most recent call last):
  File "C:\wamp64\www\imobcloud\venv\Lib\site-packages\django\core\handlers\exception.py", line 55, in inner
    response = get_response(request)
               ^^^^^^^^^^^^^^^^^^^^^
  File "C:\wamp64\www\imobcloud\venv\Lib\site-packages\django\core\handlers\base.py", line 197, in _get_response
    response = wrapped_callback(request, *callback_args, **callback_kwargs)
               ^^^^^^^^^^^^^^^^^^^^^^^^^^^^^^^^^^^^^^^^^^^^^^^^^^^^^^^^^^^^
  File "C:\wamp64\www\imobcloud\venv\Lib\site-packages\django\views\decorators\csrf.py", line 65, in _view_wrapper
    return view_func(request, *args, **kwargs)
           ^^^^^^^^^^^^^^^^^^^^^^^^^^^^^^^^^^^
  File "C:\wamp64\www\imobcloud\venv\Lib\site-packages\rest_framework\viewsets.py", line 124, in view
    return self.dispatch(request, *args, **kwargs)
           ^^^^^^^^^^^^^^^^^^^^^^^^^^^^^^^^^^^^^^^
  File "C:\wamp64\www\imobcloud\venv\Lib\site-packages\rest_framework\views.py", line 509, in dispatch
    response = self.handle_exception(exc)
               ^^^^^^^^^^^^^^^^^^^^^^^^^^
  File "C:\wamp64\www\imobcloud\venv\Lib\site-packages\rest_framework\views.py", line 469, in handle_exception
    self.raise_uncaught_exception(exc)
  File "C:\wamp64\www\imobcloud\venv\Lib\site-packages\rest_framework\views.py", line 480, in raise_uncaught_exception
    raise exc
  File "C:\wamp64\www\imobcloud\venv\Lib\site-packages\rest_framework\views.py", line 506, in dispatch
    response = handler(request, *args, **kwargs)
               ^^^^^^^^^^^^^^^^^^^^^^^^^^^^^^^^^
  File "C:\wamp64\www\imobcloud\venv\Lib\site-packages\rest_framework\mixins.py", line 58, in retrieve
    return Response(serializer.data)
                    ^^^^^^^^^^^^^^^
  File "C:\wamp64\www\imobcloud\venv\Lib\site-packages\rest_framework\serializers.py", line 571, in data
    ret = super().data
          ^^^^^^^^^^^^
  File "C:\wamp64\www\imobcloud\venv\Lib\site-packages\rest_framework\serializers.py", line 249, in data
    self._data = self.to_representation(self.instance)
                 ^^^^^^^^^^^^^^^^^^^^^^^^^^^^^^^^^^^^^
  File "C:\wamp64\www\imobcloud\venv\Lib\site-packages\rest_framework\serializers.py", line 523, in to_representation
    for field in fields:
                 ^^^^^^
  File "C:\wamp64\www\imobcloud\venv\Lib\site-packages\rest_framework\serializers.py", line 384, in _readable_fields
    for field in self.fields.values():
                 ^^^^^^^^^^^
  File "C:\wamp64\www\imobcloud\venv\Lib\site-packages\django\utils\functional.py", line 47, in __get__
    res = instance.__dict__[self.name] = self.func(instance)
                                         ^^^^^^^^^^^^^^^^^^^
  File "C:\wamp64\www\imobcloud\venv\Lib\site-packages\rest_framework\serializers.py", line 372, in fields
    for key, value in self.get_fields().items():
                      ^^^^^^^^^^^^^^^^^
  File "C:\wamp64\www\imobcloud\venv\Lib\site-packages\rest_framework\serializers.py", line 1103, in get_fields
    field_class, field_kwargs = self.build_field(
                                ^^^^^^^^^^^^^^^^^
  File "C:\wamp64\www\imobcloud\venv\Lib\site-packages\rest_framework\serializers.py", line 1249, in build_field
    return self.build_unknown_field(field_name, model_class)
           ^^^^^^^^^^^^^^^^^^^^^^^^^^^^^^^^^^^^^^^^^^^^^^^^^
  File "C:\wamp64\www\imobcloud\venv\Lib\site-packages\rest_framework\serializers.py", line 1367, in build_unknown_field
    raise ImproperlyConfigured(
django.core.exceptions.ImproperlyConfigured: Field name `leitura_agua` is not valid for model `Vistoria` in `app_vistorias.serializers.VistoriaSerializer`.
ERROR 2025-12-21 22:28:50,334 log 13824 12240 Internal Server Error: /api/v1/vistorias/vistorias/16/
Traceback (most recent call last):
  File "C:\wamp64\www\imobcloud\venv\Lib\site-packages\django\core\handlers\exception.py", line 55, in inner
    response = get_response(request)
               ^^^^^^^^^^^^^^^^^^^^^
  File "C:\wamp64\www\imobcloud\venv\Lib\site-packages\django\core\handlers\base.py", line 197, in _get_response
    response = wrapped_callback(request, *callback_args, **callback_kwargs)
               ^^^^^^^^^^^^^^^^^^^^^^^^^^^^^^^^^^^^^^^^^^^^^^^^^^^^^^^^^^^^
  File "C:\wamp64\www\imobcloud\venv\Lib\site-packages\django\views\decorators\csrf.py", line 65, in _view_wrapper
    return view_func(request, *args, **kwargs)
           ^^^^^^^^^^^^^^^^^^^^^^^^^^^^^^^^^^^
  File "C:\wamp64\www\imobcloud\venv\Lib\site-packages\rest_framework\viewsets.py", line 124, in view
    return self.dispatch(request, *args, **kwargs)
           ^^^^^^^^^^^^^^^^^^^^^^^^^^^^^^^^^^^^^^^
  File "C:\wamp64\www\imobcloud\venv\Lib\site-packages\rest_framework\views.py", line 509, in dispatch
    response = self.handle_exception(exc)
               ^^^^^^^^^^^^^^^^^^^^^^^^^^
  File "C:\wamp64\www\imobcloud\venv\Lib\site-packages\rest_framework\views.py", line 469, in handle_exception
    self.raise_uncaught_exception(exc)
  File "C:\wamp64\www\imobcloud\venv\Lib\site-packages\rest_framework\views.py", line 480, in raise_uncaught_exception
    raise exc
  File "C:\wamp64\www\imobcloud\venv\Lib\site-packages\rest_framework\views.py", line 506, in dispatch
    response = handler(request, *args, **kwargs)
               ^^^^^^^^^^^^^^^^^^^^^^^^^^^^^^^^^
  File "C:\wamp64\www\imobcloud\venv\Lib\site-packages\rest_framework\mixins.py", line 58, in retrieve
    return Response(serializer.data)
                    ^^^^^^^^^^^^^^^
  File "C:\wamp64\www\imobcloud\venv\Lib\site-packages\rest_framework\serializers.py", line 571, in data
    ret = super().data
          ^^^^^^^^^^^^
  File "C:\wamp64\www\imobcloud\venv\Lib\site-packages\rest_framework\serializers.py", line 249, in data
    self._data = self.to_representation(self.instance)
                 ^^^^^^^^^^^^^^^^^^^^^^^^^^^^^^^^^^^^^
  File "C:\wamp64\www\imobcloud\venv\Lib\site-packages\rest_framework\serializers.py", line 523, in to_representation
    for field in fields:
                 ^^^^^^
  File "C:\wamp64\www\imobcloud\venv\Lib\site-packages\rest_framework\serializers.py", line 384, in _readable_fields
    for field in self.fields.values():
                 ^^^^^^^^^^^
  File "C:\wamp64\www\imobcloud\venv\Lib\site-packages\django\utils\functional.py", line 47, in __get__
    res = instance.__dict__[self.name] = self.func(instance)
                                         ^^^^^^^^^^^^^^^^^^^
  File "C:\wamp64\www\imobcloud\venv\Lib\site-packages\rest_framework\serializers.py", line 372, in fields
    for key, value in self.get_fields().items():
                      ^^^^^^^^^^^^^^^^^
  File "C:\wamp64\www\imobcloud\venv\Lib\site-packages\rest_framework\serializers.py", line 1103, in get_fields
    field_class, field_kwargs = self.build_field(
                                ^^^^^^^^^^^^^^^^^
  File "C:\wamp64\www\imobcloud\venv\Lib\site-packages\rest_framework\serializers.py", line 1249, in build_field
    return self.build_unknown_field(field_name, model_class)
           ^^^^^^^^^^^^^^^^^^^^^^^^^^^^^^^^^^^^^^^^^^^^^^^^^
  File "C:\wamp64\www\imobcloud\venv\Lib\site-packages\rest_framework\serializers.py", line 1367, in build_unknown_field
    raise ImproperlyConfigured(
django.core.exceptions.ImproperlyConfigured: Field name `leitura_agua` is not valid for model `Vistoria` in `app_vistorias.serializers.VistoriaSerializer`.
WARNING 2025-12-21 22:31:51,967 log 8832 9572 Forbidden: /favicon.ico
WARNING 2025-12-21 22:35:36,791 util 8832 2152 getSize: Not a float '100%'
WARNING 2025-12-21 22:35:58,485 log 8832 13024 Forbidden: /favicon.ico
WARNING 2025-12-21 22:36:00,997 log 8832 13024 Forbidden: /favicon.ico
